[0.010s] Invoking command in '/home/dai/my_project/arm_robot/microros/02_action_server/extra_packages/build/base_interfaces': CMAKE_PREFIX_PATH=/opt/ros/humble /usr/bin/cmake --build /home/dai/my_project/arm_robot/microros/02_action_server/extra_packages/build/base_interfaces -- -j4 -l4
[0.090s] -- Found ament_cmake: 1.3.10 (/opt/ros/humble/share/ament_cmake/cmake)
[0.441s] -- Found rosidl_default_generators: 1.2.0 (/opt/ros/humble/share/rosidl_default_generators/cmake)
[0.448s] -- Using all available rosidl_typesupport_c: rosidl_typesupport_fastrtps_c;rosidl_typesupport_introspection_c
[0.458s] -- Found rosidl_adapter: 3.1.5 (/opt/ros/humble/share/rosidl_adapter/cmake)
[0.523s] -- Using all available rosidl_typesupport_cpp: rosidl_typesupport_fastrtps_cpp;rosidl_typesupport_introspection_cpp
[1.367s] -- Found ament_cmake_ros: 0.10.0 (/opt/ros/humble/share/ament_cmake_ros/cmake)
[1.810s] -- Using all available rosidl_typesupport_c: rosidl_typesupport_fastrtps_c;rosidl_typesupport_introspection_c
[2.470s] -- Using all available rosidl_typesupport_cpp: rosidl_typesupport_fastrtps_cpp;rosidl_typesupport_introspection_cpp
[2.503s] -- Found python_cmake_module: 0.10.0 (/opt/ros/humble/share/python_cmake_module/cmake)
[2.541s] -- Using PYTHON_EXECUTABLE: /usr/bin/python3
[2.541s] -- Using PYTHON_INCLUDE_DIRS: /usr/include/python3.10
[2.541s] -- Using PYTHON_LIBRARIES: /usr/lib/x86_64-linux-gnu/libpython3.10.so
[2.569s] -- Found ament_lint_auto: 0.12.11 (/opt/ros/humble/share/ament_lint_auto/cmake)
[2.595s] -- Configuring done
[2.679s] -- Generating done
[2.688s] -- Build files have been written to: /home/dai/my_project/arm_robot/microros/02_action_server/extra_packages/build/base_interfaces
[2.854s] [  2%] [34m[1mGenerating C code for ROS interfaces[0m
[2.944s] [  5%] [34m[1mGenerating C++ code for ROS interfaces[0m
[2.961s] [  5%] Built target ament_cmake_python_copy_base_interfaces
[3.975s] running egg_info
[3.976s] writing base_interfaces.egg-info/PKG-INFO
[3.977s] writing dependency_links to base_interfaces.egg-info/dependency_links.txt
[3.979s] writing top-level names to base_interfaces.egg-info/top_level.txt
[3.983s] reading manifest file 'base_interfaces.egg-info/SOURCES.txt'
[3.984s] writing manifest file 'base_interfaces.egg-info/SOURCES.txt'
[4.078s] [  5%] Built target ament_cmake_python_build_base_interfaces_egg
[4.710s] [35m[1mConsolidate compiler generated dependencies of target base_interfaces__rosidl_generator_c[0m
[4.745s] [  5%] Built target base_interfaces__cpp
[4.769s] [  7%] [32mBuilding C object CMakeFiles/base_interfaces__rosidl_generator_c.dir/rosidl_generator_c/base_interfaces/action/detail/angle__functions.c.o[0m
[4.789s] [ 10%] [34m[1mGenerating C++ type support dispatch for ROS interfaces[0m
[4.791s] [ 12%] [32mBuilding C object CMakeFiles/base_interfaces__rosidl_generator_c.dir/rosidl_generator_c/base_interfaces/srv/detail/firm_to_ros__functions.c.o[0m
[4.840s] [ 15%] [34m[1mGenerating C++ type support for eProsima Fast-RTPS[0m
[5.459s] [ 17%] [34m[1mGenerating C++ introspection for ROS interfaces[0m
[5.463s] [ 20%] [32m[1mLinking C shared library libbase_interfaces__rosidl_generator_c.so[0m
[5.701s] [35m[1mConsolidate compiler generated dependencies of target base_interfaces__rosidl_typesupport_cpp[0m
[5.746s] [ 20%] Built target base_interfaces__rosidl_generator_c
[5.766s] [ 23%] [32mBuilding CXX object CMakeFiles/base_interfaces__rosidl_typesupport_cpp.dir/rosidl_typesupport_cpp/base_interfaces/srv/firm_to_ros__type_support.cpp.o[0m
[5.801s] [ 25%] [32mBuilding CXX object CMakeFiles/base_interfaces__rosidl_typesupport_cpp.dir/rosidl_typesupport_cpp/base_interfaces/action/angle__type_support.cpp.o[0m
[6.014s] [35m[1mConsolidate compiler generated dependencies of target base_interfaces__rosidl_typesupport_fastrtps_cpp[0m
[6.113s] [ 28%] [32mBuilding CXX object CMakeFiles/base_interfaces__rosidl_typesupport_fastrtps_cpp.dir/rosidl_typesupport_fastrtps_cpp/base_interfaces/srv/detail/dds_fastrtps/firm_to_ros__type_support.cpp.o[0m
[6.493s] [35m[1mConsolidate compiler generated dependencies of target base_interfaces__rosidl_typesupport_introspection_cpp[0m
[6.538s] [ 30%] [32mBuilding CXX object CMakeFiles/base_interfaces__rosidl_typesupport_introspection_cpp.dir/rosidl_typesupport_introspection_cpp/base_interfaces/srv/detail/firm_to_ros__type_support.cpp.o[0m
[7.114s] [ 33%] [34m[1mGenerating C type support for eProsima Fast-RTPS[0m
[7.772s] [ 38%] [32m[1mLinking CXX shared library libbase_interfaces__rosidl_typesupport_cpp.so[0m
[7.773s] [ 38%] [32mBuilding CXX object CMakeFiles/base_interfaces__rosidl_typesupport_introspection_cpp.dir/rosidl_typesupport_introspection_cpp/base_interfaces/action/detail/angle__type_support.cpp.o[0m
[7.804s] [ 41%] [32mBuilding CXX object CMakeFiles/base_interfaces__rosidl_typesupport_fastrtps_cpp.dir/rosidl_typesupport_fastrtps_cpp/base_interfaces/action/detail/dds_fastrtps/angle__type_support.cpp.o[0m
[7.983s] [ 41%] Built target base_interfaces__rosidl_typesupport_cpp
[8.075s] [ 43%] [34m[1mGenerating C introspection for ROS interfaces[0m
[8.805s] [35m[1mConsolidate compiler generated dependencies of target base_interfaces__rosidl_typesupport_fastrtps_c[0m
[8.875s] [ 46%] [32mBuilding CXX object CMakeFiles/base_interfaces__rosidl_typesupport_fastrtps_c.dir/rosidl_typesupport_fastrtps_c/base_interfaces/srv/detail/firm_to_ros__type_support_c.cpp.o[0m
[9.381s] [ 48%] [32m[1mLinking CXX shared library libbase_interfaces__rosidl_typesupport_fastrtps_cpp.so[0m
[9.387s] [ 51%] [32m[1mLinking CXX shared library libbase_interfaces__rosidl_typesupport_introspection_cpp.so[0m
[9.450s] [35m[1mConsolidate compiler generated dependencies of target base_interfaces__rosidl_typesupport_introspection_c[0m
[9.495s] [ 53%] [32mBuilding C object CMakeFiles/base_interfaces__rosidl_typesupport_introspection_c.dir/rosidl_typesupport_introspection_c/base_interfaces/srv/detail/firm_to_ros__type_support.c.o[0m
[9.639s] [ 53%] Built target base_interfaces__rosidl_typesupport_fastrtps_cpp
[9.673s] [ 56%] [34m[1mGenerating C type support dispatch for ROS interfaces[0m
[9.680s] [ 58%] [32mBuilding C object CMakeFiles/base_interfaces__rosidl_typesupport_introspection_c.dir/rosidl_typesupport_introspection_c/base_interfaces/action/detail/angle__type_support.c.o[0m
[9.699s] [ 58%] Built target base_interfaces__rosidl_typesupport_introspection_cpp
[9.756s] [ 61%] [32mBuilding CXX object CMakeFiles/base_interfaces__rosidl_typesupport_fastrtps_c.dir/rosidl_typesupport_fastrtps_c/base_interfaces/action/detail/angle__type_support_c.cpp.o[0m
[9.842s] [ 64%] [32m[1mLinking C shared library libbase_interfaces__rosidl_typesupport_introspection_c.so[0m
[9.918s] [ 64%] Built target base_interfaces__rosidl_typesupport_introspection_c
[10.345s] [35m[1mConsolidate compiler generated dependencies of target base_interfaces__rosidl_typesupport_c[0m
[10.377s] [ 66%] [32mBuilding CXX object CMakeFiles/base_interfaces__rosidl_typesupport_c.dir/rosidl_typesupport_c/base_interfaces/action/angle__type_support.cpp.o[0m
[10.399s] [ 69%] [32mBuilding CXX object CMakeFiles/base_interfaces__rosidl_typesupport_c.dir/rosidl_typesupport_c/base_interfaces/srv/firm_to_ros__type_support.cpp.o[0m
[10.474s] [ 71%] [32m[1mLinking CXX shared library libbase_interfaces__rosidl_typesupport_fastrtps_c.so[0m
[10.515s] [ 74%] [32m[1mLinking CXX shared library libbase_interfaces__rosidl_typesupport_c.so[0m
[10.634s] [ 74%] Built target base_interfaces__rosidl_typesupport_c
[10.672s] [ 74%] Built target base_interfaces__rosidl_typesupport_fastrtps_c
[10.723s] [ 74%] Built target base_interfaces
[10.775s] [ 76%] [34m[1mGenerating Python code for ROS interfaces[0m
[12.536s] [ 76%] Built target base_interfaces__py
[12.562s] [35m[1mConsolidate compiler generated dependencies of target base_interfaces__rosidl_generator_py[0m
[12.605s] [ 79%] [32mBuilding C object CMakeFiles/base_interfaces__rosidl_generator_py.dir/rosidl_generator_py/base_interfaces/srv/_firm_to_ros_s.c.o[0m
[12.612s] [ 82%] [32mBuilding C object CMakeFiles/base_interfaces__rosidl_generator_py.dir/rosidl_generator_py/base_interfaces/action/_angle_s.c.o[0m
[13.118s] [ 84%] [32m[1mLinking C shared library rosidl_generator_py/base_interfaces/libbase_interfaces__rosidl_generator_py.so[0m
[13.247s] [ 84%] Built target base_interfaces__rosidl_generator_py
[13.273s] [35m[1mConsolidate compiler generated dependencies of target base_interfaces__rosidl_typesupport_introspection_c__pyext[0m
[13.279s] [35m[1mConsolidate compiler generated dependencies of target base_interfaces__rosidl_typesupport_fastrtps_c__pyext[0m
[13.316s] [ 87%] [32mBuilding C object CMakeFiles/base_interfaces__rosidl_typesupport_introspection_c__pyext.dir/rosidl_generator_py/base_interfaces/_base_interfaces_s.ep.rosidl_typesupport_introspection_c.c.o[0m
[13.331s] [ 89%] [32mBuilding C object CMakeFiles/base_interfaces__rosidl_typesupport_fastrtps_c__pyext.dir/rosidl_generator_py/base_interfaces/_base_interfaces_s.ep.rosidl_typesupport_fastrtps_c.c.o[0m
[13.572s] [ 92%] [32m[1mLinking C shared library rosidl_generator_py/base_interfaces/base_interfaces_s__rosidl_typesupport_introspection_c.cpython-310-x86_64-linux-gnu.so[0m
[13.652s] [ 94%] [32m[1mLinking C shared library rosidl_generator_py/base_interfaces/base_interfaces_s__rosidl_typesupport_fastrtps_c.cpython-310-x86_64-linux-gnu.so[0m
[13.665s] [ 94%] Built target base_interfaces__rosidl_typesupport_introspection_c__pyext
[13.697s] [35m[1mConsolidate compiler generated dependencies of target base_interfaces__rosidl_typesupport_c__pyext[0m
[13.722s] [ 97%] [32mBuilding C object CMakeFiles/base_interfaces__rosidl_typesupport_c__pyext.dir/rosidl_generator_py/base_interfaces/_base_interfaces_s.ep.rosidl_typesupport_c.c.o[0m
[13.763s] [ 97%] Built target base_interfaces__rosidl_typesupport_fastrtps_c__pyext
[13.985s] [100%] [32m[1mLinking C shared library rosidl_generator_py/base_interfaces/base_interfaces_s__rosidl_typesupport_c.cpython-310-x86_64-linux-gnu.so[0m
[14.150s] [100%] Built target base_interfaces__rosidl_typesupport_c__pyext
[14.201s] Invoked command in '/home/dai/my_project/arm_robot/microros/02_action_server/extra_packages/build/base_interfaces' returned '0': CMAKE_PREFIX_PATH=/opt/ros/humble /usr/bin/cmake --build /home/dai/my_project/arm_robot/microros/02_action_server/extra_packages/build/base_interfaces -- -j4 -l4
[14.669s] Invoking command in '/home/dai/my_project/arm_robot/microros/02_action_server/extra_packages/build/base_interfaces': CMAKE_PREFIX_PATH=/opt/ros/humble /usr/bin/cmake --install /home/dai/my_project/arm_robot/microros/02_action_server/extra_packages/build/base_interfaces
[14.688s] -- Install configuration: ""
[14.689s] -- Installing: /home/dai/my_project/arm_robot/microros/02_action_server/extra_packages/install/base_interfaces/share/ament_index/resource_index/rosidl_interfaces/base_interfaces
[14.689s] -- Up-to-date: /home/dai/my_project/arm_robot/microros/02_action_server/extra_packages/install/base_interfaces/include/base_interfaces/base_interfaces
[14.689s] -- Up-to-date: /home/dai/my_project/arm_robot/microros/02_action_server/extra_packages/install/base_interfaces/include/base_interfaces/base_interfaces/msg
[14.694s] -- Up-to-date: /home/dai/my_project/arm_robot/microros/02_action_server/extra_packages/install/base_interfaces/include/base_interfaces/base_interfaces/msg/rosidl_generator_c__visibility_control.h
[14.694s] -- Installing: /home/dai/my_project/arm_robot/microros/02_action_server/extra_packages/install/base_interfaces/include/base_interfaces/base_interfaces/srv
[14.694s] -- Installing: /home/dai/my_project/arm_robot/microros/02_action_server/extra_packages/install/base_interfaces/include/base_interfaces/base_interfaces/srv/detail
[14.694s] -- Installing: /home/dai/my_project/arm_robot/microros/02_action_server/extra_packages/install/base_interfaces/include/base_interfaces/base_interfaces/srv/detail/firm_to_ros__functions.c
[14.694s] -- Installing: /home/dai/my_project/arm_robot/microros/02_action_server/extra_packages/install/base_interfaces/include/base_interfaces/base_interfaces/srv/detail/firm_to_ros__type_support.h
[14.694s] -- Installing: /home/dai/my_project/arm_robot/microros/02_action_server/extra_packages/install/base_interfaces/include/base_interfaces/base_interfaces/srv/detail/firm_to_ros__functions.h
[14.694s] -- Installing: /home/dai/my_project/arm_robot/microros/02_action_server/extra_packages/install/base_interfaces/include/base_interfaces/base_interfaces/srv/detail/firm_to_ros__struct.h
[14.694s] -- Installing: /home/dai/my_project/arm_robot/microros/02_action_server/extra_packages/install/base_interfaces/include/base_interfaces/base_interfaces/srv/firm_to_ros.h
[14.695s] -- Up-to-date: /home/dai/my_project/arm_robot/microros/02_action_server/extra_packages/install/base_interfaces/include/base_interfaces/base_interfaces/action
[14.695s] -- Installing: /home/dai/my_project/arm_robot/microros/02_action_server/extra_packages/install/base_interfaces/include/base_interfaces/base_interfaces/action/angle.h
[14.695s] -- Up-to-date: /home/dai/my_project/arm_robot/microros/02_action_server/extra_packages/install/base_interfaces/include/base_interfaces/base_interfaces/action/detail
[14.695s] -- Installing: /home/dai/my_project/arm_robot/microros/02_action_server/extra_packages/install/base_interfaces/include/base_interfaces/base_interfaces/action/detail/angle__type_support.h
[14.695s] -- Installing: /home/dai/my_project/arm_robot/microros/02_action_server/extra_packages/install/base_interfaces/include/base_interfaces/base_interfaces/action/detail/angle__functions.c
[14.695s] -- Installing: /home/dai/my_project/arm_robot/microros/02_action_server/extra_packages/install/base_interfaces/include/base_interfaces/base_interfaces/action/detail/angle__functions.h
[14.695s] -- Installing: /home/dai/my_project/arm_robot/microros/02_action_server/extra_packages/install/base_interfaces/include/base_interfaces/base_interfaces/action/detail/angle__struct.h
[14.695s] -- Up-to-date: /home/dai/my_project/arm_robot/microros/02_action_server/extra_packages/install/base_interfaces/share/base_interfaces/environment/library_path.sh
[14.695s] -- Installing: /home/dai/my_project/arm_robot/microros/02_action_server/extra_packages/install/base_interfaces/share/base_interfaces/environment/library_path.dsv
[14.696s] -- Installing: /home/dai/my_project/arm_robot/microros/02_action_server/extra_packages/install/base_interfaces/lib/libbase_interfaces__rosidl_generator_c.so
[14.696s] -- Set runtime path of "/home/dai/my_project/arm_robot/microros/02_action_server/extra_packages/install/base_interfaces/lib/libbase_interfaces__rosidl_generator_c.so" to ""
[14.696s] -- Up-to-date: /home/dai/my_project/arm_robot/microros/02_action_server/extra_packages/install/base_interfaces/include/base_interfaces/base_interfaces
[14.696s] -- Up-to-date: /home/dai/my_project/arm_robot/microros/02_action_server/extra_packages/install/base_interfaces/include/base_interfaces/base_interfaces/msg
[14.696s] -- Up-to-date: /home/dai/my_project/arm_robot/microros/02_action_server/extra_packages/install/base_interfaces/include/base_interfaces/base_interfaces/msg/rosidl_typesupport_fastrtps_c__visibility_control.h
[14.696s] -- Up-to-date: /home/dai/my_project/arm_robot/microros/02_action_server/extra_packages/install/base_interfaces/include/base_interfaces/base_interfaces/srv
[14.696s] -- Up-to-date: /home/dai/my_project/arm_robot/microros/02_action_server/extra_packages/install/base_interfaces/include/base_interfaces/base_interfaces/srv/detail
[14.696s] -- Installing: /home/dai/my_project/arm_robot/microros/02_action_server/extra_packages/install/base_interfaces/include/base_interfaces/base_interfaces/srv/detail/firm_to_ros__rosidl_typesupport_fastrtps_c.h
[14.697s] -- Up-to-date: /home/dai/my_project/arm_robot/microros/02_action_server/extra_packages/install/base_interfaces/include/base_interfaces/base_interfaces/action
[14.697s] -- Up-to-date: /home/dai/my_project/arm_robot/microros/02_action_server/extra_packages/install/base_interfaces/include/base_interfaces/base_interfaces/action/detail
[14.700s] -- Installing: /home/dai/my_project/arm_robot/microros/02_action_server/extra_packages/install/base_interfaces/include/base_interfaces/base_interfaces/action/detail/angle__rosidl_typesupport_fastrtps_c.h
[14.700s] -- Installing: /home/dai/my_project/arm_robot/microros/02_action_server/extra_packages/install/base_interfaces/lib/libbase_interfaces__rosidl_typesupport_fastrtps_c.so
[14.700s] -- Set runtime path of "/home/dai/my_project/arm_robot/microros/02_action_server/extra_packages/install/base_interfaces/lib/libbase_interfaces__rosidl_typesupport_fastrtps_c.so" to ""
[14.700s] -- Up-to-date: /home/dai/my_project/arm_robot/microros/02_action_server/extra_packages/install/base_interfaces/include/base_interfaces/base_interfaces
[14.700s] -- Up-to-date: /home/dai/my_project/arm_robot/microros/02_action_server/extra_packages/install/base_interfaces/include/base_interfaces/base_interfaces/msg
[14.700s] -- Up-to-date: /home/dai/my_project/arm_robot/microros/02_action_server/extra_packages/install/base_interfaces/include/base_interfaces/base_interfaces/msg/rosidl_typesupport_introspection_c__visibility_control.h
[14.701s] -- Up-to-date: /home/dai/my_project/arm_robot/microros/02_action_server/extra_packages/install/base_interfaces/include/base_interfaces/base_interfaces/srv
[14.701s] -- Up-to-date: /home/dai/my_project/arm_robot/microros/02_action_server/extra_packages/install/base_interfaces/include/base_interfaces/base_interfaces/srv/detail
[14.701s] -- Installing: /home/dai/my_project/arm_robot/microros/02_action_server/extra_packages/install/base_interfaces/include/base_interfaces/base_interfaces/srv/detail/firm_to_ros__type_support.c
[14.701s] -- Installing: /home/dai/my_project/arm_robot/microros/02_action_server/extra_packages/install/base_interfaces/include/base_interfaces/base_interfaces/srv/detail/firm_to_ros__rosidl_typesupport_introspection_c.h
[14.713s] -- Up-to-date: /home/dai/my_project/arm_robot/microros/02_action_server/extra_packages/install/base_interfaces/include/base_interfaces/base_interfaces/action
[14.713s] -- Up-to-date: /home/dai/my_project/arm_robot/microros/02_action_server/extra_packages/install/base_interfaces/include/base_interfaces/base_interfaces/action/detail
[14.713s] -- Installing: /home/dai/my_project/arm_robot/microros/02_action_server/extra_packages/install/base_interfaces/include/base_interfaces/base_interfaces/action/detail/angle__rosidl_typesupport_introspection_c.h
[14.713s] -- Installing: /home/dai/my_project/arm_robot/microros/02_action_server/extra_packages/install/base_interfaces/include/base_interfaces/base_interfaces/action/detail/angle__type_support.c
[14.714s] -- Installing: /home/dai/my_project/arm_robot/microros/02_action_server/extra_packages/install/base_interfaces/lib/libbase_interfaces__rosidl_typesupport_introspection_c.so
[14.715s] -- Set runtime path of "/home/dai/my_project/arm_robot/microros/02_action_server/extra_packages/install/base_interfaces/lib/libbase_interfaces__rosidl_typesupport_introspection_c.so" to ""
[14.715s] -- Installing: /home/dai/my_project/arm_robot/microros/02_action_server/extra_packages/install/base_interfaces/lib/libbase_interfaces__rosidl_typesupport_c.so
[14.716s] -- Set runtime path of "/home/dai/my_project/arm_robot/microros/02_action_server/extra_packages/install/base_interfaces/lib/libbase_interfaces__rosidl_typesupport_c.so" to ""
[14.717s] -- Up-to-date: /home/dai/my_project/arm_robot/microros/02_action_server/extra_packages/install/base_interfaces/include/base_interfaces/base_interfaces
[14.717s] -- Up-to-date: /home/dai/my_project/arm_robot/microros/02_action_server/extra_packages/install/base_interfaces/include/base_interfaces/base_interfaces/srv
[14.717s] -- Installing: /home/dai/my_project/arm_robot/microros/02_action_server/extra_packages/install/base_interfaces/include/base_interfaces/base_interfaces/srv/firm_to_ros.hpp
[14.718s] -- Up-to-date: /home/dai/my_project/arm_robot/microros/02_action_server/extra_packages/install/base_interfaces/include/base_interfaces/base_interfaces/srv/detail
[14.718s] -- Installing: /home/dai/my_project/arm_robot/microros/02_action_server/extra_packages/install/base_interfaces/include/base_interfaces/base_interfaces/srv/detail/firm_to_ros__traits.hpp
[14.718s] -- Installing: /home/dai/my_project/arm_robot/microros/02_action_server/extra_packages/install/base_interfaces/include/base_interfaces/base_interfaces/srv/detail/firm_to_ros__builder.hpp
[14.718s] -- Installing: /home/dai/my_project/arm_robot/microros/02_action_server/extra_packages/install/base_interfaces/include/base_interfaces/base_interfaces/srv/detail/firm_to_ros__struct.hpp
[14.718s] -- Up-to-date: /home/dai/my_project/arm_robot/microros/02_action_server/extra_packages/install/base_interfaces/include/base_interfaces/base_interfaces/action
[14.719s] -- Installing: /home/dai/my_project/arm_robot/microros/02_action_server/extra_packages/install/base_interfaces/include/base_interfaces/base_interfaces/action/angle.hpp
[14.719s] -- Up-to-date: /home/dai/my_project/arm_robot/microros/02_action_server/extra_packages/install/base_interfaces/include/base_interfaces/base_interfaces/action/detail
[14.719s] -- Installing: /home/dai/my_project/arm_robot/microros/02_action_server/extra_packages/install/base_interfaces/include/base_interfaces/base_interfaces/action/detail/angle__traits.hpp
[14.719s] -- Installing: /home/dai/my_project/arm_robot/microros/02_action_server/extra_packages/install/base_interfaces/include/base_interfaces/base_interfaces/action/detail/angle__struct.hpp
[14.719s] -- Installing: /home/dai/my_project/arm_robot/microros/02_action_server/extra_packages/install/base_interfaces/include/base_interfaces/base_interfaces/action/detail/angle__builder.hpp
[14.720s] -- Up-to-date: /home/dai/my_project/arm_robot/microros/02_action_server/extra_packages/install/base_interfaces/include/base_interfaces/base_interfaces
[14.720s] -- Up-to-date: /home/dai/my_project/arm_robot/microros/02_action_server/extra_packages/install/base_interfaces/include/base_interfaces/base_interfaces/msg
[14.720s] -- Up-to-date: /home/dai/my_project/arm_robot/microros/02_action_server/extra_packages/install/base_interfaces/include/base_interfaces/base_interfaces/msg/rosidl_typesupport_fastrtps_cpp__visibility_control.h
[14.720s] -- Up-to-date: /home/dai/my_project/arm_robot/microros/02_action_server/extra_packages/install/base_interfaces/include/base_interfaces/base_interfaces/srv
[14.720s] -- Up-to-date: /home/dai/my_project/arm_robot/microros/02_action_server/extra_packages/install/base_interfaces/include/base_interfaces/base_interfaces/srv/detail
[14.720s] -- Installing: /home/dai/my_project/arm_robot/microros/02_action_server/extra_packages/install/base_interfaces/include/base_interfaces/base_interfaces/srv/detail/firm_to_ros__rosidl_typesupport_fastrtps_cpp.hpp
[14.721s] -- Installing: /home/dai/my_project/arm_robot/microros/02_action_server/extra_packages/install/base_interfaces/include/base_interfaces/base_interfaces/srv/detail/dds_fastrtps
[14.721s] -- Up-to-date: /home/dai/my_project/arm_robot/microros/02_action_server/extra_packages/install/base_interfaces/include/base_interfaces/base_interfaces/action
[14.721s] -- Up-to-date: /home/dai/my_project/arm_robot/microros/02_action_server/extra_packages/install/base_interfaces/include/base_interfaces/base_interfaces/action/detail
[14.721s] -- Installing: /home/dai/my_project/arm_robot/microros/02_action_server/extra_packages/install/base_interfaces/include/base_interfaces/base_interfaces/action/detail/angle__rosidl_typesupport_fastrtps_cpp.hpp
[14.721s] -- Up-to-date: /home/dai/my_project/arm_robot/microros/02_action_server/extra_packages/install/base_interfaces/include/base_interfaces/base_interfaces/action/detail/dds_fastrtps
[14.721s] -- Installing: /home/dai/my_project/arm_robot/microros/02_action_server/extra_packages/install/base_interfaces/lib/libbase_interfaces__rosidl_typesupport_fastrtps_cpp.so
[14.722s] -- Set runtime path of "/home/dai/my_project/arm_robot/microros/02_action_server/extra_packages/install/base_interfaces/lib/libbase_interfaces__rosidl_typesupport_fastrtps_cpp.so" to ""
[14.722s] -- Up-to-date: /home/dai/my_project/arm_robot/microros/02_action_server/extra_packages/install/base_interfaces/include/base_interfaces/base_interfaces
[14.722s] -- Up-to-date: /home/dai/my_project/arm_robot/microros/02_action_server/extra_packages/install/base_interfaces/include/base_interfaces/base_interfaces/srv
[14.723s] -- Up-to-date: /home/dai/my_project/arm_robot/microros/02_action_server/extra_packages/install/base_interfaces/include/base_interfaces/base_interfaces/srv/detail
[14.723s] -- Installing: /home/dai/my_project/arm_robot/microros/02_action_server/extra_packages/install/base_interfaces/include/base_interfaces/base_interfaces/srv/detail/firm_to_ros__rosidl_typesupport_introspection_cpp.hpp
[14.723s] -- Installing: /home/dai/my_project/arm_robot/microros/02_action_server/extra_packages/install/base_interfaces/include/base_interfaces/base_interfaces/srv/detail/firm_to_ros__type_support.cpp
[14.723s] -- Up-to-date: /home/dai/my_project/arm_robot/microros/02_action_server/extra_packages/install/base_interfaces/include/base_interfaces/base_interfaces/action
[14.723s] -- Up-to-date: /home/dai/my_project/arm_robot/microros/02_action_server/extra_packages/install/base_interfaces/include/base_interfaces/base_interfaces/action/detail
[14.723s] -- Installing: /home/dai/my_project/arm_robot/microros/02_action_server/extra_packages/install/base_interfaces/include/base_interfaces/base_interfaces/action/detail/angle__type_support.cpp
[14.727s] -- Installing: /home/dai/my_project/arm_robot/microros/02_action_server/extra_packages/install/base_interfaces/include/base_interfaces/base_interfaces/action/detail/angle__rosidl_typesupport_introspection_cpp.hpp
[14.727s] -- Installing: /home/dai/my_project/arm_robot/microros/02_action_server/extra_packages/install/base_interfaces/lib/libbase_interfaces__rosidl_typesupport_introspection_cpp.so
[14.730s] -- Set runtime path of "/home/dai/my_project/arm_robot/microros/02_action_server/extra_packages/install/base_interfaces/lib/libbase_interfaces__rosidl_typesupport_introspection_cpp.so" to ""
[14.731s] -- Installing: /home/dai/my_project/arm_robot/microros/02_action_server/extra_packages/install/base_interfaces/lib/libbase_interfaces__rosidl_typesupport_cpp.so
[14.731s] -- Set runtime path of "/home/dai/my_project/arm_robot/microros/02_action_server/extra_packages/install/base_interfaces/lib/libbase_interfaces__rosidl_typesupport_cpp.so" to ""
[14.731s] -- Up-to-date: /home/dai/my_project/arm_robot/microros/02_action_server/extra_packages/install/base_interfaces/share/base_interfaces/environment/pythonpath.sh
[14.731s] -- Installing: /home/dai/my_project/arm_robot/microros/02_action_server/extra_packages/install/base_interfaces/share/base_interfaces/environment/pythonpath.dsv
[14.732s] -- Up-to-date: /home/dai/my_project/arm_robot/microros/02_action_server/extra_packages/install/base_interfaces/local/lib/python3.10/dist-packages/base_interfaces-0.0.0-py3.10.egg-info
[14.732s] -- Installing: /home/dai/my_project/arm_robot/microros/02_action_server/extra_packages/install/base_interfaces/local/lib/python3.10/dist-packages/base_interfaces-0.0.0-py3.10.egg-info/dependency_links.txt
[14.732s] -- Installing: /home/dai/my_project/arm_robot/microros/02_action_server/extra_packages/install/base_interfaces/local/lib/python3.10/dist-packages/base_interfaces-0.0.0-py3.10.egg-info/top_level.txt
[14.732s] -- Installing: /home/dai/my_project/arm_robot/microros/02_action_server/extra_packages/install/base_interfaces/local/lib/python3.10/dist-packages/base_interfaces-0.0.0-py3.10.egg-info/PKG-INFO
[14.732s] -- Installing: /home/dai/my_project/arm_robot/microros/02_action_server/extra_packages/install/base_interfaces/local/lib/python3.10/dist-packages/base_interfaces-0.0.0-py3.10.egg-info/SOURCES.txt
[14.733s] -- Up-to-date: /home/dai/my_project/arm_robot/microros/02_action_server/extra_packages/install/base_interfaces/local/lib/python3.10/dist-packages/base_interfaces
[14.733s] -- Installing: /home/dai/my_project/arm_robot/microros/02_action_server/extra_packages/install/base_interfaces/local/lib/python3.10/dist-packages/base_interfaces/_base_interfaces_s.ep.rosidl_typesupport_c.c
[14.733s] -- Installing: /home/dai/my_project/arm_robot/microros/02_action_server/extra_packages/install/base_interfaces/local/lib/python3.10/dist-packages/base_interfaces/base_interfaces_s__rosidl_typesupport_c.cpython-310-x86_64-linux-gnu.so
[14.733s] -- Installing: /home/dai/my_project/arm_robot/microros/02_action_server/extra_packages/install/base_interfaces/local/lib/python3.10/dist-packages/base_interfaces/__init__.py
[14.734s] -- Installing: /home/dai/my_project/arm_robot/microros/02_action_server/extra_packages/install/base_interfaces/local/lib/python3.10/dist-packages/base_interfaces/base_interfaces_s__rosidl_typesupport_introspection_c.cpython-310-x86_64-linux-gnu.so
[14.734s] -- Installing: /home/dai/my_project/arm_robot/microros/02_action_server/extra_packages/install/base_interfaces/local/lib/python3.10/dist-packages/base_interfaces/_base_interfaces_s.ep.rosidl_typesupport_introspection_c.c
[14.735s] -- Installing: /home/dai/my_project/arm_robot/microros/02_action_server/extra_packages/install/base_interfaces/local/lib/python3.10/dist-packages/base_interfaces/_base_interfaces_s.ep.rosidl_typesupport_fastrtps_c.c
[14.735s] -- Installing: /home/dai/my_project/arm_robot/microros/02_action_server/extra_packages/install/base_interfaces/local/lib/python3.10/dist-packages/base_interfaces/base_interfaces_s__rosidl_typesupport_fastrtps_c.cpython-310-x86_64-linux-gnu.so
[14.735s] -- Installing: /home/dai/my_project/arm_robot/microros/02_action_server/extra_packages/install/base_interfaces/local/lib/python3.10/dist-packages/base_interfaces/libbase_interfaces__rosidl_generator_py.so
[14.736s] -- Installing: /home/dai/my_project/arm_robot/microros/02_action_server/extra_packages/install/base_interfaces/local/lib/python3.10/dist-packages/base_interfaces/srv
[14.736s] -- Installing: /home/dai/my_project/arm_robot/microros/02_action_server/extra_packages/install/base_interfaces/local/lib/python3.10/dist-packages/base_interfaces/srv/__init__.py
[14.736s] -- Installing: /home/dai/my_project/arm_robot/microros/02_action_server/extra_packages/install/base_interfaces/local/lib/python3.10/dist-packages/base_interfaces/srv/_firm_to_ros_s.c
[14.736s] -- Installing: /home/dai/my_project/arm_robot/microros/02_action_server/extra_packages/install/base_interfaces/local/lib/python3.10/dist-packages/base_interfaces/srv/_firm_to_ros.py
[14.737s] -- Up-to-date: /home/dai/my_project/arm_robot/microros/02_action_server/extra_packages/install/base_interfaces/local/lib/python3.10/dist-packages/base_interfaces/action
[14.737s] -- Installing: /home/dai/my_project/arm_robot/microros/02_action_server/extra_packages/install/base_interfaces/local/lib/python3.10/dist-packages/base_interfaces/action/_angle_s.c
[14.737s] -- Installing: /home/dai/my_project/arm_robot/microros/02_action_server/extra_packages/install/base_interfaces/local/lib/python3.10/dist-packages/base_interfaces/action/__init__.py
[14.737s] -- Installing: /home/dai/my_project/arm_robot/microros/02_action_server/extra_packages/install/base_interfaces/local/lib/python3.10/dist-packages/base_interfaces/action/_angle.py
[14.816s] Listing '/home/dai/my_project/arm_robot/microros/02_action_server/extra_packages/install/base_interfaces/local/lib/python3.10/dist-packages/base_interfaces'...
[14.817s] Compiling '/home/dai/my_project/arm_robot/microros/02_action_server/extra_packages/install/base_interfaces/local/lib/python3.10/dist-packages/base_interfaces/__init__.py'...
[14.817s] Listing '/home/dai/my_project/arm_robot/microros/02_action_server/extra_packages/install/base_interfaces/local/lib/python3.10/dist-packages/base_interfaces/action'...
[14.817s] Compiling '/home/dai/my_project/arm_robot/microros/02_action_server/extra_packages/install/base_interfaces/local/lib/python3.10/dist-packages/base_interfaces/action/__init__.py'...
[14.817s] Compiling '/home/dai/my_project/arm_robot/microros/02_action_server/extra_packages/install/base_interfaces/local/lib/python3.10/dist-packages/base_interfaces/action/_angle.py'...
[14.817s] Listing '/home/dai/my_project/arm_robot/microros/02_action_server/extra_packages/install/base_interfaces/local/lib/python3.10/dist-packages/base_interfaces/srv'...
[14.817s] Compiling '/home/dai/my_project/arm_robot/microros/02_action_server/extra_packages/install/base_interfaces/local/lib/python3.10/dist-packages/base_interfaces/srv/__init__.py'...
[14.817s] Compiling '/home/dai/my_project/arm_robot/microros/02_action_server/extra_packages/install/base_interfaces/local/lib/python3.10/dist-packages/base_interfaces/srv/_firm_to_ros.py'...
[14.826s] -- Installing: /home/dai/my_project/arm_robot/microros/02_action_server/extra_packages/install/base_interfaces/local/lib/python3.10/dist-packages/base_interfaces/base_interfaces_s__rosidl_typesupport_fastrtps_c.cpython-310-x86_64-linux-gnu.so
[14.826s] -- Set runtime path of "/home/dai/my_project/arm_robot/microros/02_action_server/extra_packages/install/base_interfaces/local/lib/python3.10/dist-packages/base_interfaces/base_interfaces_s__rosidl_typesupport_fastrtps_c.cpython-310-x86_64-linux-gnu.so" to ""
[14.826s] -- Installing: /home/dai/my_project/arm_robot/microros/02_action_server/extra_packages/install/base_interfaces/local/lib/python3.10/dist-packages/base_interfaces/base_interfaces_s__rosidl_typesupport_introspection_c.cpython-310-x86_64-linux-gnu.so
[14.827s] -- Set runtime path of "/home/dai/my_project/arm_robot/microros/02_action_server/extra_packages/install/base_interfaces/local/lib/python3.10/dist-packages/base_interfaces/base_interfaces_s__rosidl_typesupport_introspection_c.cpython-310-x86_64-linux-gnu.so" to ""
[14.827s] -- Installing: /home/dai/my_project/arm_robot/microros/02_action_server/extra_packages/install/base_interfaces/local/lib/python3.10/dist-packages/base_interfaces/base_interfaces_s__rosidl_typesupport_c.cpython-310-x86_64-linux-gnu.so
[14.828s] -- Set runtime path of "/home/dai/my_project/arm_robot/microros/02_action_server/extra_packages/install/base_interfaces/local/lib/python3.10/dist-packages/base_interfaces/base_interfaces_s__rosidl_typesupport_c.cpython-310-x86_64-linux-gnu.so" to ""
[14.828s] -- Installing: /home/dai/my_project/arm_robot/microros/02_action_server/extra_packages/install/base_interfaces/lib/libbase_interfaces__rosidl_generator_py.so
[14.829s] -- Set runtime path of "/home/dai/my_project/arm_robot/microros/02_action_server/extra_packages/install/base_interfaces/lib/libbase_interfaces__rosidl_generator_py.so" to ""
[14.829s] -- Installing: /home/dai/my_project/arm_robot/microros/02_action_server/extra_packages/install/base_interfaces/share/base_interfaces/srv/FirmToRos.idl
[14.829s] -- Up-to-date: /home/dai/my_project/arm_robot/microros/02_action_server/extra_packages/install/base_interfaces/share/base_interfaces/action/Angle.idl
[14.830s] -- Installing: /home/dai/my_project/arm_robot/microros/02_action_server/extra_packages/install/base_interfaces/share/base_interfaces/srv/FirmToRos.srv
[14.830s] -- Installing: /home/dai/my_project/arm_robot/microros/02_action_server/extra_packages/install/base_interfaces/share/base_interfaces/srv/FirmToRos_Request.msg
[14.830s] -- Installing: /home/dai/my_project/arm_robot/microros/02_action_server/extra_packages/install/base_interfaces/share/base_interfaces/srv/FirmToRos_Response.msg
[14.831s] -- Up-to-date: /home/dai/my_project/arm_robot/microros/02_action_server/extra_packages/install/base_interfaces/share/base_interfaces/action/Angle.action
[14.831s] -- Up-to-date: /home/dai/my_project/arm_robot/microros/02_action_server/extra_packages/install/base_interfaces/share/ament_index/resource_index/package_run_dependencies/base_interfaces
[14.831s] -- Up-to-date: /home/dai/my_project/arm_robot/microros/02_action_server/extra_packages/install/base_interfaces/share/ament_index/resource_index/parent_prefix_path/base_interfaces
[14.831s] -- Up-to-date: /home/dai/my_project/arm_robot/microros/02_action_server/extra_packages/install/base_interfaces/share/base_interfaces/environment/ament_prefix_path.sh
[14.831s] -- Installing: /home/dai/my_project/arm_robot/microros/02_action_server/extra_packages/install/base_interfaces/share/base_interfaces/environment/ament_prefix_path.dsv
[14.831s] -- Up-to-date: /home/dai/my_project/arm_robot/microros/02_action_server/extra_packages/install/base_interfaces/share/base_interfaces/environment/path.sh
[14.831s] -- Installing: /home/dai/my_project/arm_robot/microros/02_action_server/extra_packages/install/base_interfaces/share/base_interfaces/environment/path.dsv
[14.831s] -- Up-to-date: /home/dai/my_project/arm_robot/microros/02_action_server/extra_packages/install/base_interfaces/share/base_interfaces/local_setup.bash
[14.832s] -- Up-to-date: /home/dai/my_project/arm_robot/microros/02_action_server/extra_packages/install/base_interfaces/share/base_interfaces/local_setup.sh
[14.832s] -- Up-to-date: /home/dai/my_project/arm_robot/microros/02_action_server/extra_packages/install/base_interfaces/share/base_interfaces/local_setup.zsh
[14.832s] -- Installing: /home/dai/my_project/arm_robot/microros/02_action_server/extra_packages/install/base_interfaces/share/base_interfaces/local_setup.dsv
[14.832s] -- Installing: /home/dai/my_project/arm_robot/microros/02_action_server/extra_packages/install/base_interfaces/share/base_interfaces/package.dsv
[14.832s] -- Up-to-date: /home/dai/my_project/arm_robot/microros/02_action_server/extra_packages/install/base_interfaces/share/ament_index/resource_index/packages/base_interfaces
[14.832s] -- Up-to-date: /home/dai/my_project/arm_robot/microros/02_action_server/extra_packages/install/base_interfaces/share/base_interfaces/cmake/export_base_interfaces__rosidl_generator_cExport.cmake
[14.833s] -- Up-to-date: /home/dai/my_project/arm_robot/microros/02_action_server/extra_packages/install/base_interfaces/share/base_interfaces/cmake/export_base_interfaces__rosidl_generator_cExport-noconfig.cmake
[14.833s] -- Up-to-date: /home/dai/my_project/arm_robot/microros/02_action_server/extra_packages/install/base_interfaces/share/base_interfaces/cmake/export_base_interfaces__rosidl_typesupport_fastrtps_cExport.cmake
[14.833s] -- Up-to-date: /home/dai/my_project/arm_robot/microros/02_action_server/extra_packages/install/base_interfaces/share/base_interfaces/cmake/export_base_interfaces__rosidl_typesupport_fastrtps_cExport-noconfig.cmake
[14.833s] -- Up-to-date: /home/dai/my_project/arm_robot/microros/02_action_server/extra_packages/install/base_interfaces/share/base_interfaces/cmake/base_interfaces__rosidl_typesupport_introspection_cExport.cmake
[14.833s] -- Up-to-date: /home/dai/my_project/arm_robot/microros/02_action_server/extra_packages/install/base_interfaces/share/base_interfaces/cmake/base_interfaces__rosidl_typesupport_introspection_cExport-noconfig.cmake
[14.834s] -- Up-to-date: /home/dai/my_project/arm_robot/microros/02_action_server/extra_packages/install/base_interfaces/share/base_interfaces/cmake/base_interfaces__rosidl_typesupport_cExport.cmake
[14.834s] -- Up-to-date: /home/dai/my_project/arm_robot/microros/02_action_server/extra_packages/install/base_interfaces/share/base_interfaces/cmake/base_interfaces__rosidl_typesupport_cExport-noconfig.cmake
[14.835s] -- Up-to-date: /home/dai/my_project/arm_robot/microros/02_action_server/extra_packages/install/base_interfaces/share/base_interfaces/cmake/export_base_interfaces__rosidl_generator_cppExport.cmake
[14.835s] -- Up-to-date: /home/dai/my_project/arm_robot/microros/02_action_server/extra_packages/install/base_interfaces/share/base_interfaces/cmake/export_base_interfaces__rosidl_typesupport_fastrtps_cppExport.cmake
[14.835s] -- Up-to-date: /home/dai/my_project/arm_robot/microros/02_action_server/extra_packages/install/base_interfaces/share/base_interfaces/cmake/export_base_interfaces__rosidl_typesupport_fastrtps_cppExport-noconfig.cmake
[14.835s] -- Up-to-date: /home/dai/my_project/arm_robot/microros/02_action_server/extra_packages/install/base_interfaces/share/base_interfaces/cmake/base_interfaces__rosidl_typesupport_introspection_cppExport.cmake
[14.835s] -- Up-to-date: /home/dai/my_project/arm_robot/microros/02_action_server/extra_packages/install/base_interfaces/share/base_interfaces/cmake/base_interfaces__rosidl_typesupport_introspection_cppExport-noconfig.cmake
[14.835s] -- Up-to-date: /home/dai/my_project/arm_robot/microros/02_action_server/extra_packages/install/base_interfaces/share/base_interfaces/cmake/base_interfaces__rosidl_typesupport_cppExport.cmake
[14.836s] -- Up-to-date: /home/dai/my_project/arm_robot/microros/02_action_server/extra_packages/install/base_interfaces/share/base_interfaces/cmake/base_interfaces__rosidl_typesupport_cppExport-noconfig.cmake
[14.836s] -- Up-to-date: /home/dai/my_project/arm_robot/microros/02_action_server/extra_packages/install/base_interfaces/share/base_interfaces/cmake/export_base_interfaces__rosidl_generator_pyExport.cmake
[14.836s] -- Up-to-date: /home/dai/my_project/arm_robot/microros/02_action_server/extra_packages/install/base_interfaces/share/base_interfaces/cmake/export_base_interfaces__rosidl_generator_pyExport-noconfig.cmake
[14.836s] -- Installing: /home/dai/my_project/arm_robot/microros/02_action_server/extra_packages/install/base_interfaces/share/base_interfaces/cmake/rosidl_cmake-extras.cmake
[14.836s] -- Up-to-date: /home/dai/my_project/arm_robot/microros/02_action_server/extra_packages/install/base_interfaces/share/base_interfaces/cmake/ament_cmake_export_dependencies-extras.cmake
[14.836s] -- Up-to-date: /home/dai/my_project/arm_robot/microros/02_action_server/extra_packages/install/base_interfaces/share/base_interfaces/cmake/ament_cmake_export_include_directories-extras.cmake
[14.837s] -- Up-to-date: /home/dai/my_project/arm_robot/microros/02_action_server/extra_packages/install/base_interfaces/share/base_interfaces/cmake/ament_cmake_export_libraries-extras.cmake
[14.837s] -- Up-to-date: /home/dai/my_project/arm_robot/microros/02_action_server/extra_packages/install/base_interfaces/share/base_interfaces/cmake/ament_cmake_export_targets-extras.cmake
[14.837s] -- Up-to-date: /home/dai/my_project/arm_robot/microros/02_action_server/extra_packages/install/base_interfaces/share/base_interfaces/cmake/rosidl_cmake_export_typesupport_targets-extras.cmake
[14.837s] -- Up-to-date: /home/dai/my_project/arm_robot/microros/02_action_server/extra_packages/install/base_interfaces/share/base_interfaces/cmake/rosidl_cmake_export_typesupport_libraries-extras.cmake
[14.837s] -- Up-to-date: /home/dai/my_project/arm_robot/microros/02_action_server/extra_packages/install/base_interfaces/share/base_interfaces/cmake/base_interfacesConfig.cmake
[14.837s] -- Up-to-date: /home/dai/my_project/arm_robot/microros/02_action_server/extra_packages/install/base_interfaces/share/base_interfaces/cmake/base_interfacesConfig-version.cmake
[14.837s] -- Up-to-date: /home/dai/my_project/arm_robot/microros/02_action_server/extra_packages/install/base_interfaces/share/base_interfaces/package.xml
[14.846s] Invoked command in '/home/dai/my_project/arm_robot/microros/02_action_server/extra_packages/build/base_interfaces' returned '0': CMAKE_PREFIX_PATH=/opt/ros/humble /usr/bin/cmake --install /home/dai/my_project/arm_robot/microros/02_action_server/extra_packages/build/base_interfaces
