[0.027s] Invoking command in '/home/dai/my_project/arm_robot/microros/02_action_server/extra_packages/build/base_interfaces': CMAKE_PREFIX_PATH=/opt/ros/humble /usr/bin/cmake --build /home/dai/my_project/arm_robot/microros/02_action_server/extra_packages/build/base_interfaces -- -j4 -l4
[0.091s] -- Found ament_cmake: 1.3.9 (/opt/ros/humble/share/ament_cmake/cmake)
[0.311s] -- Found rosidl_default_generators: 1.2.0 (/opt/ros/humble/share/rosidl_default_generators/cmake)
[0.316s] -- Using all available rosidl_typesupport_c: rosidl_typesupport_fastrtps_c;rosidl_typesupport_introspection_c
[0.321s] -- Found rosidl_adapter: 3.1.5 (/opt/ros/humble/share/rosidl_adapter/cmake)
[0.387s] -- Using all available rosidl_typesupport_cpp: rosidl_typesupport_fastrtps_cpp;rosidl_typesupport_introspection_cpp
[1.169s] -- Found ament_cmake_ros: 0.10.0 (/opt/ros/humble/share/ament_cmake_ros/cmake)
[1.506s] -- Using all available rosidl_typesupport_c: rosidl_typesupport_fastrtps_c;rosidl_typesupport_introspection_c
[1.960s] -- Using all available rosidl_typesupport_cpp: rosidl_typesupport_fastrtps_cpp;rosidl_typesupport_introspection_cpp
[1.993s] -- Found python_cmake_module: 0.10.0 (/opt/ros/humble/share/python_cmake_module/cmake)
[2.028s] -- Using PYTHON_EXECUTABLE: /usr/bin/python3
[2.028s] -- Using PYTHON_INCLUDE_DIRS: /usr/include/python3.10
[2.028s] -- Using PYTHON_LIBRARIES: /usr/lib/x86_64-linux-gnu/libpython3.10.so
[2.060s] -- Found ament_lint_auto: 0.12.11 (/opt/ros/humble/share/ament_lint_auto/cmake)
[2.070s] -- Configuring done
[2.137s] -- Generating done
[2.150s] -- Build files have been written to: /home/dai/my_project/arm_robot/microros/02_action_server/extra_packages/build/base_interfaces
[2.254s] [35m[1mConsolidate compiler generated dependencies of target base_interfaces__rosidl_generator_c[0m
[2.275s] [  3%] Built target base_interfaces__cpp
[2.275s] [  3%] Built target ament_cmake_python_copy_base_interfaces
[2.284s] [ 12%] Built target base_interfaces__rosidl_generator_c
[2.298s] [35m[1mConsolidate compiler generated dependencies of target base_interfaces__rosidl_typesupport_fastrtps_cpp[0m
[2.299s] [35m[1mConsolidate compiler generated dependencies of target base_interfaces__rosidl_typesupport_introspection_cpp[0m
[2.314s] [35m[1mConsolidate compiler generated dependencies of target base_interfaces__rosidl_typesupport_cpp[0m
[2.331s] [ 22%] Built target base_interfaces__rosidl_typesupport_fastrtps_cpp
[2.363s] [ 32%] Built target base_interfaces__rosidl_typesupport_introspection_cpp
[2.373s] [ 41%] Built target base_interfaces__rosidl_typesupport_cpp
[2.375s] [35m[1mConsolidate compiler generated dependencies of target base_interfaces__rosidl_typesupport_fastrtps_c[0m
[2.393s] [35m[1mConsolidate compiler generated dependencies of target base_interfaces__rosidl_typesupport_c[0m
[2.406s] [35m[1mConsolidate compiler generated dependencies of target base_interfaces__rosidl_typesupport_introspection_c[0m
[2.411s] [ 51%] Built target base_interfaces__rosidl_typesupport_fastrtps_c
[2.429s] [ 61%] Built target base_interfaces__rosidl_typesupport_introspection_c
[2.463s] [ 70%] Built target base_interfaces__rosidl_typesupport_c
[2.505s] [ 70%] Built target base_interfaces
[2.610s] [ 74%] Built target base_interfaces__py
[2.670s] [35m[1mConsolidate compiler generated dependencies of target base_interfaces__rosidl_generator_py[0m
[2.723s] [ 80%] Built target base_interfaces__rosidl_generator_py
[2.752s] [35m[1mConsolidate compiler generated dependencies of target base_interfaces__rosidl_typesupport_fastrtps_c__pyext[0m
[2.765s] [35m[1mConsolidate compiler generated dependencies of target base_interfaces__rosidl_typesupport_c__pyext[0m
[2.779s] [35m[1mConsolidate compiler generated dependencies of target base_interfaces__rosidl_typesupport_introspection_c__pyext[0m
[2.810s] [ 87%] Built target base_interfaces__rosidl_typesupport_c__pyext
[2.814s] [ 93%] Built target base_interfaces__rosidl_typesupport_fastrtps_c__pyext
[2.825s] [100%] Built target base_interfaces__rosidl_typesupport_introspection_c__pyext
[2.825s] running egg_info
[2.825s] writing base_interfaces.egg-info/PKG-INFO
[2.829s] writing dependency_links to base_interfaces.egg-info/dependency_links.txt
[2.829s] writing top-level names to base_interfaces.egg-info/top_level.txt
[2.829s] reading manifest file 'base_interfaces.egg-info/SOURCES.txt'
[2.830s] writing manifest file 'base_interfaces.egg-info/SOURCES.txt'
[2.875s] [100%] Built target ament_cmake_python_build_base_interfaces_egg
[2.899s] Invoked command in '/home/dai/my_project/arm_robot/microros/02_action_server/extra_packages/build/base_interfaces' returned '0': CMAKE_PREFIX_PATH=/opt/ros/humble /usr/bin/cmake --build /home/dai/my_project/arm_robot/microros/02_action_server/extra_packages/build/base_interfaces -- -j4 -l4
[3.149s] Invoking command in '/home/dai/my_project/arm_robot/microros/02_action_server/extra_packages/build/base_interfaces': CMAKE_PREFIX_PATH=/opt/ros/humble /usr/bin/cmake --install /home/dai/my_project/arm_robot/microros/02_action_server/extra_packages/build/base_interfaces
[3.168s] -- Install configuration: ""
[3.168s] -- Up-to-date: /home/dai/my_project/arm_robot/microros/02_action_server/extra_packages/install/base_interfaces/share/ament_index/resource_index/rosidl_interfaces/base_interfaces
[3.169s] -- Up-to-date: /home/dai/my_project/arm_robot/microros/02_action_server/extra_packages/install/base_interfaces/include/base_interfaces/base_interfaces
[3.169s] -- Up-to-date: /home/dai/my_project/arm_robot/microros/02_action_server/extra_packages/install/base_interfaces/include/base_interfaces/base_interfaces/msg
[3.169s] -- Up-to-date: /home/dai/my_project/arm_robot/microros/02_action_server/extra_packages/install/base_interfaces/include/base_interfaces/base_interfaces/msg/rosidl_generator_c__visibility_control.h
[3.169s] -- Up-to-date: /home/dai/my_project/arm_robot/microros/02_action_server/extra_packages/install/base_interfaces/include/base_interfaces/base_interfaces/action
[3.169s] -- Up-to-date: /home/dai/my_project/arm_robot/microros/02_action_server/extra_packages/install/base_interfaces/include/base_interfaces/base_interfaces/action/angle.h
[3.169s] -- Up-to-date: /home/dai/my_project/arm_robot/microros/02_action_server/extra_packages/install/base_interfaces/include/base_interfaces/base_interfaces/action/detail
[3.170s] -- Up-to-date: /home/dai/my_project/arm_robot/microros/02_action_server/extra_packages/install/base_interfaces/include/base_interfaces/base_interfaces/action/detail/angle__type_support.h
[3.170s] -- Up-to-date: /home/dai/my_project/arm_robot/microros/02_action_server/extra_packages/install/base_interfaces/include/base_interfaces/base_interfaces/action/detail/angle__functions.c
[3.170s] -- Up-to-date: /home/dai/my_project/arm_robot/microros/02_action_server/extra_packages/install/base_interfaces/include/base_interfaces/base_interfaces/action/detail/angle__functions.h
[3.170s] -- Up-to-date: /home/dai/my_project/arm_robot/microros/02_action_server/extra_packages/install/base_interfaces/include/base_interfaces/base_interfaces/action/detail/angle__struct.h
[3.170s] -- Up-to-date: /home/dai/my_project/arm_robot/microros/02_action_server/extra_packages/install/base_interfaces/share/base_interfaces/environment/library_path.sh
[3.170s] -- Installing: /home/dai/my_project/arm_robot/microros/02_action_server/extra_packages/install/base_interfaces/share/base_interfaces/environment/library_path.dsv
[3.170s] -- Up-to-date: /home/dai/my_project/arm_robot/microros/02_action_server/extra_packages/install/base_interfaces/lib/libbase_interfaces__rosidl_generator_c.so
[3.170s] -- Up-to-date: /home/dai/my_project/arm_robot/microros/02_action_server/extra_packages/install/base_interfaces/include/base_interfaces/base_interfaces
[3.170s] -- Up-to-date: /home/dai/my_project/arm_robot/microros/02_action_server/extra_packages/install/base_interfaces/include/base_interfaces/base_interfaces/msg
[3.171s] -- Up-to-date: /home/dai/my_project/arm_robot/microros/02_action_server/extra_packages/install/base_interfaces/include/base_interfaces/base_interfaces/msg/rosidl_typesupport_fastrtps_c__visibility_control.h
[3.171s] -- Up-to-date: /home/dai/my_project/arm_robot/microros/02_action_server/extra_packages/install/base_interfaces/include/base_interfaces/base_interfaces/action
[3.171s] -- Up-to-date: /home/dai/my_project/arm_robot/microros/02_action_server/extra_packages/install/base_interfaces/include/base_interfaces/base_interfaces/action/detail
[3.171s] -- Up-to-date: /home/dai/my_project/arm_robot/microros/02_action_server/extra_packages/install/base_interfaces/include/base_interfaces/base_interfaces/action/detail/angle__rosidl_typesupport_fastrtps_c.h
[3.171s] -- Up-to-date: /home/dai/my_project/arm_robot/microros/02_action_server/extra_packages/install/base_interfaces/lib/libbase_interfaces__rosidl_typesupport_fastrtps_c.so
[3.171s] -- Up-to-date: /home/dai/my_project/arm_robot/microros/02_action_server/extra_packages/install/base_interfaces/include/base_interfaces/base_interfaces
[3.171s] -- Up-to-date: /home/dai/my_project/arm_robot/microros/02_action_server/extra_packages/install/base_interfaces/include/base_interfaces/base_interfaces/msg
[3.171s] -- Up-to-date: /home/dai/my_project/arm_robot/microros/02_action_server/extra_packages/install/base_interfaces/include/base_interfaces/base_interfaces/msg/rosidl_typesupport_introspection_c__visibility_control.h
[3.172s] -- Up-to-date: /home/dai/my_project/arm_robot/microros/02_action_server/extra_packages/install/base_interfaces/include/base_interfaces/base_interfaces/action
[3.172s] -- Up-to-date: /home/dai/my_project/arm_robot/microros/02_action_server/extra_packages/install/base_interfaces/include/base_interfaces/base_interfaces/action/detail
[3.172s] -- Up-to-date: /home/dai/my_project/arm_robot/microros/02_action_server/extra_packages/install/base_interfaces/include/base_interfaces/base_interfaces/action/detail/angle__rosidl_typesupport_introspection_c.h
[3.172s] -- Up-to-date: /home/dai/my_project/arm_robot/microros/02_action_server/extra_packages/install/base_interfaces/include/base_interfaces/base_interfaces/action/detail/angle__type_support.c
[3.172s] -- Up-to-date: /home/dai/my_project/arm_robot/microros/02_action_server/extra_packages/install/base_interfaces/lib/libbase_interfaces__rosidl_typesupport_introspection_c.so
[3.172s] -- Up-to-date: /home/dai/my_project/arm_robot/microros/02_action_server/extra_packages/install/base_interfaces/lib/libbase_interfaces__rosidl_typesupport_c.so
[3.173s] -- Up-to-date: /home/dai/my_project/arm_robot/microros/02_action_server/extra_packages/install/base_interfaces/include/base_interfaces/base_interfaces
[3.173s] -- Up-to-date: /home/dai/my_project/arm_robot/microros/02_action_server/extra_packages/install/base_interfaces/include/base_interfaces/base_interfaces/action
[3.174s] -- Up-to-date: /home/dai/my_project/arm_robot/microros/02_action_server/extra_packages/install/base_interfaces/include/base_interfaces/base_interfaces/action/angle.hpp
[3.174s] -- Up-to-date: /home/dai/my_project/arm_robot/microros/02_action_server/extra_packages/install/base_interfaces/include/base_interfaces/base_interfaces/action/detail
[3.174s] -- Up-to-date: /home/dai/my_project/arm_robot/microros/02_action_server/extra_packages/install/base_interfaces/include/base_interfaces/base_interfaces/action/detail/angle__traits.hpp
[3.174s] -- Up-to-date: /home/dai/my_project/arm_robot/microros/02_action_server/extra_packages/install/base_interfaces/include/base_interfaces/base_interfaces/action/detail/angle__struct.hpp
[3.174s] -- Up-to-date: /home/dai/my_project/arm_robot/microros/02_action_server/extra_packages/install/base_interfaces/include/base_interfaces/base_interfaces/action/detail/angle__builder.hpp
[3.174s] -- Up-to-date: /home/dai/my_project/arm_robot/microros/02_action_server/extra_packages/install/base_interfaces/include/base_interfaces/base_interfaces
[3.174s] -- Up-to-date: /home/dai/my_project/arm_robot/microros/02_action_server/extra_packages/install/base_interfaces/include/base_interfaces/base_interfaces/msg
[3.174s] -- Up-to-date: /home/dai/my_project/arm_robot/microros/02_action_server/extra_packages/install/base_interfaces/include/base_interfaces/base_interfaces/msg/rosidl_typesupport_fastrtps_cpp__visibility_control.h
[3.174s] -- Up-to-date: /home/dai/my_project/arm_robot/microros/02_action_server/extra_packages/install/base_interfaces/include/base_interfaces/base_interfaces/action
[3.174s] -- Up-to-date: /home/dai/my_project/arm_robot/microros/02_action_server/extra_packages/install/base_interfaces/include/base_interfaces/base_interfaces/action/detail
[3.175s] -- Up-to-date: /home/dai/my_project/arm_robot/microros/02_action_server/extra_packages/install/base_interfaces/include/base_interfaces/base_interfaces/action/detail/angle__rosidl_typesupport_fastrtps_cpp.hpp
[3.175s] -- Up-to-date: /home/dai/my_project/arm_robot/microros/02_action_server/extra_packages/install/base_interfaces/include/base_interfaces/base_interfaces/action/detail/dds_fastrtps
[3.175s] -- Up-to-date: /home/dai/my_project/arm_robot/microros/02_action_server/extra_packages/install/base_interfaces/lib/libbase_interfaces__rosidl_typesupport_fastrtps_cpp.so
[3.175s] -- Up-to-date: /home/dai/my_project/arm_robot/microros/02_action_server/extra_packages/install/base_interfaces/include/base_interfaces/base_interfaces
[3.175s] -- Up-to-date: /home/dai/my_project/arm_robot/microros/02_action_server/extra_packages/install/base_interfaces/include/base_interfaces/base_interfaces/action
[3.175s] -- Up-to-date: /home/dai/my_project/arm_robot/microros/02_action_server/extra_packages/install/base_interfaces/include/base_interfaces/base_interfaces/action/detail
[3.175s] -- Up-to-date: /home/dai/my_project/arm_robot/microros/02_action_server/extra_packages/install/base_interfaces/include/base_interfaces/base_interfaces/action/detail/angle__type_support.cpp
[3.176s] -- Up-to-date: /home/dai/my_project/arm_robot/microros/02_action_server/extra_packages/install/base_interfaces/include/base_interfaces/base_interfaces/action/detail/angle__rosidl_typesupport_introspection_cpp.hpp
[3.176s] -- Up-to-date: /home/dai/my_project/arm_robot/microros/02_action_server/extra_packages/install/base_interfaces/lib/libbase_interfaces__rosidl_typesupport_introspection_cpp.so
[3.176s] -- Up-to-date: /home/dai/my_project/arm_robot/microros/02_action_server/extra_packages/install/base_interfaces/lib/libbase_interfaces__rosidl_typesupport_cpp.so
[3.176s] -- Up-to-date: /home/dai/my_project/arm_robot/microros/02_action_server/extra_packages/install/base_interfaces/share/base_interfaces/environment/pythonpath.sh
[3.176s] -- Installing: /home/dai/my_project/arm_robot/microros/02_action_server/extra_packages/install/base_interfaces/share/base_interfaces/environment/pythonpath.dsv
[3.176s] -- Up-to-date: /home/dai/my_project/arm_robot/microros/02_action_server/extra_packages/install/base_interfaces/local/lib/python3.10/dist-packages/base_interfaces-0.0.0-py3.10.egg-info
[3.176s] -- Installing: /home/dai/my_project/arm_robot/microros/02_action_server/extra_packages/install/base_interfaces/local/lib/python3.10/dist-packages/base_interfaces-0.0.0-py3.10.egg-info/dependency_links.txt
[3.176s] -- Installing: /home/dai/my_project/arm_robot/microros/02_action_server/extra_packages/install/base_interfaces/local/lib/python3.10/dist-packages/base_interfaces-0.0.0-py3.10.egg-info/top_level.txt
[3.176s] -- Installing: /home/dai/my_project/arm_robot/microros/02_action_server/extra_packages/install/base_interfaces/local/lib/python3.10/dist-packages/base_interfaces-0.0.0-py3.10.egg-info/PKG-INFO
[3.176s] -- Installing: /home/dai/my_project/arm_robot/microros/02_action_server/extra_packages/install/base_interfaces/local/lib/python3.10/dist-packages/base_interfaces-0.0.0-py3.10.egg-info/SOURCES.txt
[3.177s] -- Up-to-date: /home/dai/my_project/arm_robot/microros/02_action_server/extra_packages/install/base_interfaces/local/lib/python3.10/dist-packages/base_interfaces
[3.177s] -- Up-to-date: /home/dai/my_project/arm_robot/microros/02_action_server/extra_packages/install/base_interfaces/local/lib/python3.10/dist-packages/base_interfaces/_base_interfaces_s.ep.rosidl_typesupport_c.c
[3.177s] -- Up-to-date: /home/dai/my_project/arm_robot/microros/02_action_server/extra_packages/install/base_interfaces/local/lib/python3.10/dist-packages/base_interfaces/base_interfaces_s__rosidl_typesupport_c.cpython-310-x86_64-linux-gnu.so
[3.177s] -- Installing: /home/dai/my_project/arm_robot/microros/02_action_server/extra_packages/install/base_interfaces/local/lib/python3.10/dist-packages/base_interfaces/__init__.py
[3.178s] -- Up-to-date: /home/dai/my_project/arm_robot/microros/02_action_server/extra_packages/install/base_interfaces/local/lib/python3.10/dist-packages/base_interfaces/base_interfaces_s__rosidl_typesupport_introspection_c.cpython-310-x86_64-linux-gnu.so
[3.178s] -- Up-to-date: /home/dai/my_project/arm_robot/microros/02_action_server/extra_packages/install/base_interfaces/local/lib/python3.10/dist-packages/base_interfaces/_base_interfaces_s.ep.rosidl_typesupport_introspection_c.c
[3.178s] -- Up-to-date: /home/dai/my_project/arm_robot/microros/02_action_server/extra_packages/install/base_interfaces/local/lib/python3.10/dist-packages/base_interfaces/_base_interfaces_s.ep.rosidl_typesupport_fastrtps_c.c
[3.179s] -- Up-to-date: /home/dai/my_project/arm_robot/microros/02_action_server/extra_packages/install/base_interfaces/local/lib/python3.10/dist-packages/base_interfaces/base_interfaces_s__rosidl_typesupport_fastrtps_c.cpython-310-x86_64-linux-gnu.so
[3.302s] -- Up-to-date: /home/dai/my_project/arm_robot/microros/02_action_server/extra_packages/install/base_interfaces/local/lib/python3.10/dist-packages/base_interfaces/libbase_interfaces__rosidl_generator_py.so
[3.304s] -- Up-to-date: /home/dai/my_project/arm_robot/microros/02_action_server/extra_packages/install/base_interfaces/local/lib/python3.10/dist-packages/base_interfaces/action
[3.304s] -- Up-to-date: /home/dai/my_project/arm_robot/microros/02_action_server/extra_packages/install/base_interfaces/local/lib/python3.10/dist-packages/base_interfaces/action/_angle_s.c
[3.305s] -- Up-to-date: /home/dai/my_project/arm_robot/microros/02_action_server/extra_packages/install/base_interfaces/local/lib/python3.10/dist-packages/base_interfaces/action/__init__.py
[3.305s] -- Up-to-date: /home/dai/my_project/arm_robot/microros/02_action_server/extra_packages/install/base_interfaces/local/lib/python3.10/dist-packages/base_interfaces/action/_angle.py
[3.306s] Listing '/home/dai/my_project/arm_robot/microros/02_action_server/extra_packages/install/base_interfaces/local/lib/python3.10/dist-packages/base_interfaces'...
[3.309s] Compiling '/home/dai/my_project/arm_robot/microros/02_action_server/extra_packages/install/base_interfaces/local/lib/python3.10/dist-packages/base_interfaces/__init__.py'...
[3.312s] Listing '/home/dai/my_project/arm_robot/microros/02_action_server/extra_packages/install/base_interfaces/local/lib/python3.10/dist-packages/base_interfaces/action'...
[3.313s] -- Up-to-date: /home/dai/my_project/arm_robot/microros/02_action_server/extra_packages/install/base_interfaces/local/lib/python3.10/dist-packages/base_interfaces/base_interfaces_s__rosidl_typesupport_fastrtps_c.cpython-310-x86_64-linux-gnu.so
[3.314s] -- Up-to-date: /home/dai/my_project/arm_robot/microros/02_action_server/extra_packages/install/base_interfaces/local/lib/python3.10/dist-packages/base_interfaces/base_interfaces_s__rosidl_typesupport_introspection_c.cpython-310-x86_64-linux-gnu.so
[3.315s] -- Up-to-date: /home/dai/my_project/arm_robot/microros/02_action_server/extra_packages/install/base_interfaces/local/lib/python3.10/dist-packages/base_interfaces/base_interfaces_s__rosidl_typesupport_c.cpython-310-x86_64-linux-gnu.so
[3.316s] -- Up-to-date: /home/dai/my_project/arm_robot/microros/02_action_server/extra_packages/install/base_interfaces/lib/libbase_interfaces__rosidl_generator_py.so
[3.316s] -- Up-to-date: /home/dai/my_project/arm_robot/microros/02_action_server/extra_packages/install/base_interfaces/share/base_interfaces/action/Angle.idl
[3.316s] -- Up-to-date: /home/dai/my_project/arm_robot/microros/02_action_server/extra_packages/install/base_interfaces/share/base_interfaces/action/Angle.action
[3.317s] -- Up-to-date: /home/dai/my_project/arm_robot/microros/02_action_server/extra_packages/install/base_interfaces/share/ament_index/resource_index/package_run_dependencies/base_interfaces
[3.317s] -- Up-to-date: /home/dai/my_project/arm_robot/microros/02_action_server/extra_packages/install/base_interfaces/share/ament_index/resource_index/parent_prefix_path/base_interfaces
[3.317s] -- Up-to-date: /home/dai/my_project/arm_robot/microros/02_action_server/extra_packages/install/base_interfaces/share/base_interfaces/environment/ament_prefix_path.sh
[3.318s] -- Installing: /home/dai/my_project/arm_robot/microros/02_action_server/extra_packages/install/base_interfaces/share/base_interfaces/environment/ament_prefix_path.dsv
[3.318s] -- Up-to-date: /home/dai/my_project/arm_robot/microros/02_action_server/extra_packages/install/base_interfaces/share/base_interfaces/environment/path.sh
[3.319s] -- Installing: /home/dai/my_project/arm_robot/microros/02_action_server/extra_packages/install/base_interfaces/share/base_interfaces/environment/path.dsv
[3.319s] -- Up-to-date: /home/dai/my_project/arm_robot/microros/02_action_server/extra_packages/install/base_interfaces/share/base_interfaces/local_setup.bash
[3.319s] -- Up-to-date: /home/dai/my_project/arm_robot/microros/02_action_server/extra_packages/install/base_interfaces/share/base_interfaces/local_setup.sh
[3.320s] -- Up-to-date: /home/dai/my_project/arm_robot/microros/02_action_server/extra_packages/install/base_interfaces/share/base_interfaces/local_setup.zsh
[3.321s] -- Installing: /home/dai/my_project/arm_robot/microros/02_action_server/extra_packages/install/base_interfaces/share/base_interfaces/local_setup.dsv
[3.321s] -- Installing: /home/dai/my_project/arm_robot/microros/02_action_server/extra_packages/install/base_interfaces/share/base_interfaces/package.dsv
[3.322s] -- Up-to-date: /home/dai/my_project/arm_robot/microros/02_action_server/extra_packages/install/base_interfaces/share/ament_index/resource_index/packages/base_interfaces
[3.323s] -- Up-to-date: /home/dai/my_project/arm_robot/microros/02_action_server/extra_packages/install/base_interfaces/share/base_interfaces/cmake/export_base_interfaces__rosidl_generator_cExport.cmake
[3.323s] -- Up-to-date: /home/dai/my_project/arm_robot/microros/02_action_server/extra_packages/install/base_interfaces/share/base_interfaces/cmake/export_base_interfaces__rosidl_generator_cExport-noconfig.cmake
[3.324s] -- Up-to-date: /home/dai/my_project/arm_robot/microros/02_action_server/extra_packages/install/base_interfaces/share/base_interfaces/cmake/export_base_interfaces__rosidl_typesupport_fastrtps_cExport.cmake
[3.327s] -- Up-to-date: /home/dai/my_project/arm_robot/microros/02_action_server/extra_packages/install/base_interfaces/share/base_interfaces/cmake/export_base_interfaces__rosidl_typesupport_fastrtps_cExport-noconfig.cmake
[3.328s] -- Up-to-date: /home/dai/my_project/arm_robot/microros/02_action_server/extra_packages/install/base_interfaces/share/base_interfaces/cmake/base_interfaces__rosidl_typesupport_introspection_cExport.cmake
[3.329s] -- Up-to-date: /home/dai/my_project/arm_robot/microros/02_action_server/extra_packages/install/base_interfaces/share/base_interfaces/cmake/base_interfaces__rosidl_typesupport_introspection_cExport-noconfig.cmake
[3.329s] -- Up-to-date: /home/dai/my_project/arm_robot/microros/02_action_server/extra_packages/install/base_interfaces/share/base_interfaces/cmake/base_interfaces__rosidl_typesupport_cExport.cmake
[3.329s] -- Up-to-date: /home/dai/my_project/arm_robot/microros/02_action_server/extra_packages/install/base_interfaces/share/base_interfaces/cmake/base_interfaces__rosidl_typesupport_cExport-noconfig.cmake
[3.330s] -- Up-to-date: /home/dai/my_project/arm_robot/microros/02_action_server/extra_packages/install/base_interfaces/share/base_interfaces/cmake/export_base_interfaces__rosidl_generator_cppExport.cmake
[3.330s] -- Up-to-date: /home/dai/my_project/arm_robot/microros/02_action_server/extra_packages/install/base_interfaces/share/base_interfaces/cmake/export_base_interfaces__rosidl_typesupport_fastrtps_cppExport.cmake
[3.330s] -- Up-to-date: /home/dai/my_project/arm_robot/microros/02_action_server/extra_packages/install/base_interfaces/share/base_interfaces/cmake/export_base_interfaces__rosidl_typesupport_fastrtps_cppExport-noconfig.cmake
[3.330s] -- Up-to-date: /home/dai/my_project/arm_robot/microros/02_action_server/extra_packages/install/base_interfaces/share/base_interfaces/cmake/base_interfaces__rosidl_typesupport_introspection_cppExport.cmake
[3.331s] -- Up-to-date: /home/dai/my_project/arm_robot/microros/02_action_server/extra_packages/install/base_interfaces/share/base_interfaces/cmake/base_interfaces__rosidl_typesupport_introspection_cppExport-noconfig.cmake
[3.331s] -- Up-to-date: /home/dai/my_project/arm_robot/microros/02_action_server/extra_packages/install/base_interfaces/share/base_interfaces/cmake/base_interfaces__rosidl_typesupport_cppExport.cmake
[3.332s] -- Up-to-date: /home/dai/my_project/arm_robot/microros/02_action_server/extra_packages/install/base_interfaces/share/base_interfaces/cmake/base_interfaces__rosidl_typesupport_cppExport-noconfig.cmake
[3.335s] -- Up-to-date: /home/dai/my_project/arm_robot/microros/02_action_server/extra_packages/install/base_interfaces/share/base_interfaces/cmake/export_base_interfaces__rosidl_generator_pyExport.cmake
[3.336s] -- Up-to-date: /home/dai/my_project/arm_robot/microros/02_action_server/extra_packages/install/base_interfaces/share/base_interfaces/cmake/export_base_interfaces__rosidl_generator_pyExport-noconfig.cmake
[3.336s] -- Up-to-date: /home/dai/my_project/arm_robot/microros/02_action_server/extra_packages/install/base_interfaces/share/base_interfaces/cmake/rosidl_cmake-extras.cmake
[3.337s] -- Up-to-date: /home/dai/my_project/arm_robot/microros/02_action_server/extra_packages/install/base_interfaces/share/base_interfaces/cmake/ament_cmake_export_dependencies-extras.cmake
[3.337s] -- Up-to-date: /home/dai/my_project/arm_robot/microros/02_action_server/extra_packages/install/base_interfaces/share/base_interfaces/cmake/ament_cmake_export_include_directories-extras.cmake
[3.337s] -- Up-to-date: /home/dai/my_project/arm_robot/microros/02_action_server/extra_packages/install/base_interfaces/share/base_interfaces/cmake/ament_cmake_export_libraries-extras.cmake
[3.337s] -- Up-to-date: /home/dai/my_project/arm_robot/microros/02_action_server/extra_packages/install/base_interfaces/share/base_interfaces/cmake/ament_cmake_export_targets-extras.cmake
[3.338s] -- Up-to-date: /home/dai/my_project/arm_robot/microros/02_action_server/extra_packages/install/base_interfaces/share/base_interfaces/cmake/rosidl_cmake_export_typesupport_targets-extras.cmake
[3.338s] -- Up-to-date: /home/dai/my_project/arm_robot/microros/02_action_server/extra_packages/install/base_interfaces/share/base_interfaces/cmake/rosidl_cmake_export_typesupport_libraries-extras.cmake
[3.339s] -- Up-to-date: /home/dai/my_project/arm_robot/microros/02_action_server/extra_packages/install/base_interfaces/share/base_interfaces/cmake/base_interfacesConfig.cmake
[3.342s] -- Up-to-date: /home/dai/my_project/arm_robot/microros/02_action_server/extra_packages/install/base_interfaces/share/base_interfaces/cmake/base_interfacesConfig-version.cmake
[3.343s] -- Installing: /home/dai/my_project/arm_robot/microros/02_action_server/extra_packages/install/base_interfaces/share/base_interfaces/package.xml
[3.343s] Invoked command in '/home/dai/my_project/arm_robot/microros/02_action_server/extra_packages/build/base_interfaces' returned '0': CMAKE_PREFIX_PATH=/opt/ros/humble /usr/bin/cmake --install /home/dai/my_project/arm_robot/microros/02_action_server/extra_packages/build/base_interfaces
