[0.183s] DEBUG:colcon:Command line arguments: ['/usr/bin/colcon', 'build']
[0.183s] DEBUG:colcon:Parsed command line arguments: Namespace(log_base=None, log_level=None, verb_name='build', build_base='build', install_base='install', merge_install=False, symlink_install=False, test_result_base=None, continue_on_error=False, executor='parallel', parallel_workers=4, event_handlers=None, ignore_user_meta=False, metas=['./colcon.meta'], base_paths=['.'], packages_ignore=None, packages_ignore_regex=None, paths=None, packages_up_to=None, packages_up_to_regex=None, packages_above=None, packages_above_and_dependencies=None, packages_above_depth=None, packages_select_by_dep=None, packages_skip_by_dep=None, packages_skip_up_to=None, packages_select_build_failed=False, packages_skip_build_finished=False, packages_select_test_failures=False, packages_skip_test_passed=False, packages_select=None, packages_skip=None, packages_select_regex=None, packages_skip_regex=None, packages_start=None, packages_end=None, allow_overriding=[], cmake_args=None, cmake_target=None, cmake_target_skip_unavailable=False, cmake_clean_cache=False, cmake_clean_first=False, cmake_force_configure=False, ament_cmake_args=None, catkin_cmake_args=None, catkin_skip_building_tests=False, verb_parser=<colcon_defaults.argument_parser.defaults.DefaultArgumentsDecorator object at 0x75bc34f3cb20>, verb_extension=<colcon_core.verb.build.BuildVerb object at 0x75bc35039d80>, main=<bound method BuildVerb.main of <colcon_core.verb.build.BuildVerb object at 0x75bc35039d80>>)
[0.451s] Level 1:colcon.colcon_core.package_discovery:discover_packages(colcon_meta) check parameters
[0.451s] Level 1:colcon.colcon_core.package_discovery:discover_packages(recursive) check parameters
[0.451s] Level 1:colcon.colcon_core.package_discovery:discover_packages(ignore) check parameters
[0.451s] Level 1:colcon.colcon_core.package_discovery:discover_packages(path) check parameters
[0.451s] Level 1:colcon.colcon_core.package_discovery:discover_packages(colcon_meta) discover
[0.451s] Level 1:colcon.colcon_core.package_discovery:discover_packages(recursive) discover
[0.451s] INFO:colcon.colcon_core.package_discovery:Crawling recursively for packages in '/home/dai/my_project/arm_robot/microros/02_action_server/extra_packages'
[0.452s] Level 1:colcon.colcon_core.package_identification:_identify(.) by extensions ['ignore', 'ignore_ament_install']
[0.452s] Level 1:colcon.colcon_core.package_identification:_identify(.) by extension 'ignore'
[0.452s] Level 1:colcon.colcon_core.package_identification:_identify(.) by extension 'ignore_ament_install'
[0.452s] Level 1:colcon.colcon_core.package_identification:_identify(.) by extensions ['colcon_pkg']
[0.452s] Level 1:colcon.colcon_core.package_identification:_identify(.) by extension 'colcon_pkg'
[0.452s] Level 1:colcon.colcon_core.package_identification:_identify(.) by extensions ['colcon_meta']
[0.452s] Level 1:colcon.colcon_core.package_identification:_identify(.) by extension 'colcon_meta'
[0.452s] Level 1:colcon.colcon_core.package_identification:_identify(.) by extensions ['ros']
[0.452s] Level 1:colcon.colcon_core.package_identification:_identify(.) by extension 'ros'
[0.470s] Level 1:colcon.colcon_core.package_identification:_identify(.) by extensions ['cmake', 'python']
[0.470s] Level 1:colcon.colcon_core.package_identification:_identify(.) by extension 'cmake'
[0.470s] Level 1:colcon.colcon_core.package_identification:_identify(.) by extension 'python'
[0.470s] Level 1:colcon.colcon_core.package_identification:_identify(.) by extensions ['python_setup_py']
[0.470s] Level 1:colcon.colcon_core.package_identification:_identify(.) by extension 'python_setup_py'
[0.470s] Level 1:colcon.colcon_core.package_identification:_identify(base_interfaces) by extensions ['ignore', 'ignore_ament_install']
[0.470s] Level 1:colcon.colcon_core.package_identification:_identify(base_interfaces) by extension 'ignore'
[0.470s] Level 1:colcon.colcon_core.package_identification:_identify(base_interfaces) by extension 'ignore_ament_install'
[0.471s] Level 1:colcon.colcon_core.package_identification:_identify(base_interfaces) by extensions ['colcon_pkg']
[0.471s] Level 1:colcon.colcon_core.package_identification:_identify(base_interfaces) by extension 'colcon_pkg'
[0.471s] Level 1:colcon.colcon_core.package_identification:_identify(base_interfaces) by extensions ['colcon_meta']
[0.471s] Level 1:colcon.colcon_core.package_identification:_identify(base_interfaces) by extension 'colcon_meta'
[0.471s] Level 1:colcon.colcon_core.package_identification:_identify(base_interfaces) by extensions ['ros']
[0.471s] Level 1:colcon.colcon_core.package_identification:_identify(base_interfaces) by extension 'ros'
[0.475s] DEBUG:colcon.colcon_core.package_identification:Package 'base_interfaces' with type 'ros.ament_cmake' and name 'base_interfaces'
[0.475s] Level 1:colcon.colcon_core.package_identification:_identify(build) by extensions ['ignore', 'ignore_ament_install']
[0.476s] Level 1:colcon.colcon_core.package_identification:_identify(build) by extension 'ignore'
[0.476s] Level 1:colcon.colcon_core.package_identification:_identify(build) ignored
[0.476s] Level 1:colcon.colcon_core.package_identification:_identify(install) by extensions ['ignore', 'ignore_ament_install']
[0.476s] Level 1:colcon.colcon_core.package_identification:_identify(install) by extension 'ignore'
[0.476s] Level 1:colcon.colcon_core.package_identification:_identify(install) ignored
[0.476s] Level 1:colcon.colcon_core.package_identification:_identify(log) by extensions ['ignore', 'ignore_ament_install']
[0.476s] Level 1:colcon.colcon_core.package_identification:_identify(log) by extension 'ignore'
[0.476s] Level 1:colcon.colcon_core.package_identification:_identify(log) ignored
[0.476s] Level 1:colcon.colcon_core.package_discovery:discover_packages(recursive) using defaults
[0.476s] Level 1:colcon.colcon_core.package_discovery:discover_packages(ignore) discover
[0.476s] Level 1:colcon.colcon_core.package_discovery:discover_packages(ignore) using defaults
[0.476s] Level 1:colcon.colcon_core.package_discovery:discover_packages(path) discover
[0.476s] Level 1:colcon.colcon_core.package_discovery:discover_packages(path) using defaults
[0.511s] Level 1:colcon.colcon_core.package_discovery:discover_packages(prefix_path) check parameters
[0.511s] Level 1:colcon.colcon_core.package_discovery:discover_packages(prefix_path) discover
[0.516s] DEBUG:colcon.colcon_installed_package_information.package_discovery:Found 273 installed packages in /opt/ros/humble
[0.518s] Level 1:colcon.colcon_core.package_discovery:discover_packages(prefix_path) using defaults
[0.596s] Level 5:colcon.colcon_core.verb:set package 'base_interfaces' build argument 'cmake_args' from command line to 'None'
[0.596s] Level 5:colcon.colcon_core.verb:set package 'base_interfaces' build argument 'cmake_target' from command line to 'None'
[0.597s] Level 5:colcon.colcon_core.verb:set package 'base_interfaces' build argument 'cmake_target_skip_unavailable' from command line to 'False'
[0.597s] Level 5:colcon.colcon_core.verb:set package 'base_interfaces' build argument 'cmake_clean_cache' from command line to 'False'
[0.597s] Level 5:colcon.colcon_core.verb:set package 'base_interfaces' build argument 'cmake_clean_first' from command line to 'False'
[0.597s] Level 5:colcon.colcon_core.verb:set package 'base_interfaces' build argument 'cmake_force_configure' from command line to 'False'
[0.597s] Level 5:colcon.colcon_core.verb:set package 'base_interfaces' build argument 'ament_cmake_args' from command line to 'None'
[0.597s] Level 5:colcon.colcon_core.verb:set package 'base_interfaces' build argument 'catkin_cmake_args' from command line to 'None'
[0.597s] Level 5:colcon.colcon_core.verb:set package 'base_interfaces' build argument 'catkin_skip_building_tests' from command line to 'False'
[0.597s] DEBUG:colcon.colcon_core.verb:Building package 'base_interfaces' with the following arguments: {'ament_cmake_args': None, 'build_base': '/home/dai/my_project/arm_robot/microros/02_action_server/extra_packages/build/base_interfaces', 'catkin_cmake_args': None, 'catkin_skip_building_tests': False, 'cmake_args': None, 'cmake_clean_cache': False, 'cmake_clean_first': False, 'cmake_force_configure': False, 'cmake_target': None, 'cmake_target_skip_unavailable': False, 'install_base': '/home/dai/my_project/arm_robot/microros/02_action_server/extra_packages/install/base_interfaces', 'merge_install': False, 'path': '/home/dai/my_project/arm_robot/microros/02_action_server/extra_packages/base_interfaces', 'symlink_install': False, 'test_result_base': None}
[0.597s] INFO:colcon.colcon_core.executor:Executing jobs using 'parallel' executor
[0.598s] DEBUG:colcon.colcon_parallel_executor.executor.parallel:run_until_complete
[0.598s] INFO:colcon.colcon_ros.task.ament_cmake.build:Building ROS package in '/home/dai/my_project/arm_robot/microros/02_action_server/extra_packages/base_interfaces' with build type 'ament_cmake'
[0.598s] INFO:colcon.colcon_cmake.task.cmake.build:Building CMake package in '/home/dai/my_project/arm_robot/microros/02_action_server/extra_packages/base_interfaces'
[0.601s] INFO:colcon.colcon_core.plugin_system:Skipping extension 'colcon_core.shell.bat': Not used on non-Windows systems
[0.601s] INFO:colcon.colcon_core.shell:Skip shell extension 'powershell' for command environment: Not usable outside of PowerShell
[0.602s] DEBUG:colcon.colcon_core.shell:Skip shell extension 'dsv' for command environment
[0.619s] DEBUG:colcon.colcon_core.event_handler.log_command:Invoking command in '/home/dai/my_project/arm_robot/microros/02_action_server/extra_packages/build/base_interfaces': CMAKE_PREFIX_PATH=/opt/ros/humble /usr/bin/cmake --build /home/dai/my_project/arm_robot/microros/02_action_server/extra_packages/build/base_interfaces -- -j4 -l4
[14.810s] DEBUG:colcon.colcon_core.event_handler.log_command:Invoked command in '/home/dai/my_project/arm_robot/microros/02_action_server/extra_packages/build/base_interfaces' returned '0': CMAKE_PREFIX_PATH=/opt/ros/humble /usr/bin/cmake --build /home/dai/my_project/arm_robot/microros/02_action_server/extra_packages/build/base_interfaces -- -j4 -l4
[15.278s] DEBUG:colcon.colcon_core.event_handler.log_command:Invoking command in '/home/dai/my_project/arm_robot/microros/02_action_server/extra_packages/build/base_interfaces': CMAKE_PREFIX_PATH=/opt/ros/humble /usr/bin/cmake --install /home/dai/my_project/arm_robot/microros/02_action_server/extra_packages/build/base_interfaces
[15.451s] Level 1:colcon.colcon_core.environment:create_environment_scripts_only(base_interfaces)
[15.454s] Level 1:colcon.colcon_core.environment:checking '/home/dai/my_project/arm_robot/microros/02_action_server/extra_packages/install/base_interfaces' for CMake module files
[15.455s] DEBUG:colcon.colcon_core.event_handler.log_command:Invoked command in '/home/dai/my_project/arm_robot/microros/02_action_server/extra_packages/build/base_interfaces' returned '0': CMAKE_PREFIX_PATH=/opt/ros/humble /usr/bin/cmake --install /home/dai/my_project/arm_robot/microros/02_action_server/extra_packages/build/base_interfaces
[15.456s] Level 1:colcon.colcon_core.environment:checking '/home/dai/my_project/arm_robot/microros/02_action_server/extra_packages/install/base_interfaces' for CMake config files
[15.457s] Level 1:colcon.colcon_core.shell:create_environment_hook('base_interfaces', 'cmake_prefix_path')
[15.457s] INFO:colcon.colcon_core.shell:Creating environment hook '/home/dai/my_project/arm_robot/microros/02_action_server/extra_packages/install/base_interfaces/share/base_interfaces/hook/cmake_prefix_path.ps1'
[15.458s] INFO:colcon.colcon_core.shell:Creating environment descriptor '/home/dai/my_project/arm_robot/microros/02_action_server/extra_packages/install/base_interfaces/share/base_interfaces/hook/cmake_prefix_path.dsv'
[15.459s] INFO:colcon.colcon_core.shell:Creating environment hook '/home/dai/my_project/arm_robot/microros/02_action_server/extra_packages/install/base_interfaces/share/base_interfaces/hook/cmake_prefix_path.sh'
[15.460s] Level 1:colcon.colcon_core.environment:checking '/home/dai/my_project/arm_robot/microros/02_action_server/extra_packages/install/base_interfaces/lib'
[15.461s] Level 1:colcon.colcon_core.shell:create_environment_hook('base_interfaces', 'ld_library_path_lib')
[15.461s] INFO:colcon.colcon_core.shell:Creating environment hook '/home/dai/my_project/arm_robot/microros/02_action_server/extra_packages/install/base_interfaces/share/base_interfaces/hook/ld_library_path_lib.ps1'
[15.462s] INFO:colcon.colcon_core.shell:Creating environment descriptor '/home/dai/my_project/arm_robot/microros/02_action_server/extra_packages/install/base_interfaces/share/base_interfaces/hook/ld_library_path_lib.dsv'
[15.462s] INFO:colcon.colcon_core.shell:Creating environment hook '/home/dai/my_project/arm_robot/microros/02_action_server/extra_packages/install/base_interfaces/share/base_interfaces/hook/ld_library_path_lib.sh'
[15.463s] Level 1:colcon.colcon_core.environment:checking '/home/dai/my_project/arm_robot/microros/02_action_server/extra_packages/install/base_interfaces/bin'
[15.463s] Level 1:colcon.colcon_core.environment:checking '/home/dai/my_project/arm_robot/microros/02_action_server/extra_packages/install/base_interfaces/lib/pkgconfig/base_interfaces.pc'
[15.463s] Level 1:colcon.colcon_core.environment:checking '/home/dai/my_project/arm_robot/microros/02_action_server/extra_packages/install/base_interfaces/lib/python3.10/site-packages'
[15.464s] Level 1:colcon.colcon_core.environment:checking '/home/dai/my_project/arm_robot/microros/02_action_server/extra_packages/install/base_interfaces/bin'
[15.464s] INFO:colcon.colcon_core.shell:Creating package script '/home/dai/my_project/arm_robot/microros/02_action_server/extra_packages/install/base_interfaces/share/base_interfaces/package.ps1'
[15.465s] INFO:colcon.colcon_core.shell:Creating package descriptor '/home/dai/my_project/arm_robot/microros/02_action_server/extra_packages/install/base_interfaces/share/base_interfaces/package.dsv'
[15.466s] INFO:colcon.colcon_core.shell:Creating package script '/home/dai/my_project/arm_robot/microros/02_action_server/extra_packages/install/base_interfaces/share/base_interfaces/package.sh'
[15.468s] INFO:colcon.colcon_core.shell:Creating package script '/home/dai/my_project/arm_robot/microros/02_action_server/extra_packages/install/base_interfaces/share/base_interfaces/package.bash'
[15.469s] INFO:colcon.colcon_core.shell:Creating package script '/home/dai/my_project/arm_robot/microros/02_action_server/extra_packages/install/base_interfaces/share/base_interfaces/package.zsh'
[15.470s] Level 1:colcon.colcon_core.environment:create_file_with_runtime_dependencies(/home/dai/my_project/arm_robot/microros/02_action_server/extra_packages/install/base_interfaces/share/colcon-core/packages/base_interfaces)
[15.816s] Level 1:colcon.colcon_core.environment:create_environment_scripts_only(base_interfaces)
[15.816s] Level 1:colcon.colcon_core.environment:checking '/home/dai/my_project/arm_robot/microros/02_action_server/extra_packages/install/base_interfaces' for CMake module files
[15.817s] Level 1:colcon.colcon_core.environment:checking '/home/dai/my_project/arm_robot/microros/02_action_server/extra_packages/install/base_interfaces' for CMake config files
[15.818s] Level 1:colcon.colcon_core.shell:create_environment_hook('base_interfaces', 'cmake_prefix_path')
[15.819s] INFO:colcon.colcon_core.shell:Creating environment hook '/home/dai/my_project/arm_robot/microros/02_action_server/extra_packages/install/base_interfaces/share/base_interfaces/hook/cmake_prefix_path.ps1'
[15.820s] INFO:colcon.colcon_core.shell:Creating environment descriptor '/home/dai/my_project/arm_robot/microros/02_action_server/extra_packages/install/base_interfaces/share/base_interfaces/hook/cmake_prefix_path.dsv'
[15.821s] INFO:colcon.colcon_core.shell:Creating environment hook '/home/dai/my_project/arm_robot/microros/02_action_server/extra_packages/install/base_interfaces/share/base_interfaces/hook/cmake_prefix_path.sh'
[15.822s] Level 1:colcon.colcon_core.environment:checking '/home/dai/my_project/arm_robot/microros/02_action_server/extra_packages/install/base_interfaces/lib'
[15.822s] Level 1:colcon.colcon_core.shell:create_environment_hook('base_interfaces', 'ld_library_path_lib')
[15.823s] INFO:colcon.colcon_core.shell:Creating environment hook '/home/dai/my_project/arm_robot/microros/02_action_server/extra_packages/install/base_interfaces/share/base_interfaces/hook/ld_library_path_lib.ps1'
[15.824s] INFO:colcon.colcon_core.shell:Creating environment descriptor '/home/dai/my_project/arm_robot/microros/02_action_server/extra_packages/install/base_interfaces/share/base_interfaces/hook/ld_library_path_lib.dsv'
[15.825s] INFO:colcon.colcon_core.shell:Creating environment hook '/home/dai/my_project/arm_robot/microros/02_action_server/extra_packages/install/base_interfaces/share/base_interfaces/hook/ld_library_path_lib.sh'
[15.827s] Level 1:colcon.colcon_core.environment:checking '/home/dai/my_project/arm_robot/microros/02_action_server/extra_packages/install/base_interfaces/bin'
[15.827s] Level 1:colcon.colcon_core.environment:checking '/home/dai/my_project/arm_robot/microros/02_action_server/extra_packages/install/base_interfaces/lib/pkgconfig/base_interfaces.pc'
[15.827s] Level 1:colcon.colcon_core.environment:checking '/home/dai/my_project/arm_robot/microros/02_action_server/extra_packages/install/base_interfaces/lib/python3.10/site-packages'
[15.828s] Level 1:colcon.colcon_core.environment:checking '/home/dai/my_project/arm_robot/microros/02_action_server/extra_packages/install/base_interfaces/bin'
[15.832s] INFO:colcon.colcon_core.shell:Creating package script '/home/dai/my_project/arm_robot/microros/02_action_server/extra_packages/install/base_interfaces/share/base_interfaces/package.ps1'
[15.834s] INFO:colcon.colcon_core.shell:Creating package descriptor '/home/dai/my_project/arm_robot/microros/02_action_server/extra_packages/install/base_interfaces/share/base_interfaces/package.dsv'
[15.835s] INFO:colcon.colcon_core.shell:Creating package script '/home/dai/my_project/arm_robot/microros/02_action_server/extra_packages/install/base_interfaces/share/base_interfaces/package.sh'
[15.836s] INFO:colcon.colcon_core.shell:Creating package script '/home/dai/my_project/arm_robot/microros/02_action_server/extra_packages/install/base_interfaces/share/base_interfaces/package.bash'
[15.837s] INFO:colcon.colcon_core.shell:Creating package script '/home/dai/my_project/arm_robot/microros/02_action_server/extra_packages/install/base_interfaces/share/base_interfaces/package.zsh'
[15.839s] Level 1:colcon.colcon_core.environment:create_file_with_runtime_dependencies(/home/dai/my_project/arm_robot/microros/02_action_server/extra_packages/install/base_interfaces/share/colcon-core/packages/base_interfaces)
[15.841s] DEBUG:colcon.colcon_parallel_executor.executor.parallel:closing loop
[15.841s] DEBUG:colcon.colcon_parallel_executor.executor.parallel:loop closed
[15.842s] DEBUG:colcon.colcon_parallel_executor.executor.parallel:run_until_complete finished with '0'
[15.842s] DEBUG:colcon.colcon_core.event_reactor:joining thread
[15.857s] INFO:colcon.colcon_core.plugin_system:Skipping extension 'colcon_notification.desktop_notification.terminal_notifier': Not used on non-Darwin systems
[15.857s] INFO:colcon.colcon_core.plugin_system:Skipping extension 'colcon_notification.desktop_notification.win32': Not used on non-Windows systems
[15.857s] INFO:colcon.colcon_notification.desktop_notification:Sending desktop notification using 'notify2'
[15.886s] DEBUG:colcon.colcon_core.event_reactor:joined thread
[15.887s] INFO:colcon.colcon_core.shell:Creating prefix script '/home/dai/my_project/arm_robot/microros/02_action_server/extra_packages/install/local_setup.ps1'
[15.888s] INFO:colcon.colcon_core.shell:Creating prefix util module '/home/dai/my_project/arm_robot/microros/02_action_server/extra_packages/install/_local_setup_util_ps1.py'
[15.891s] INFO:colcon.colcon_core.shell:Creating prefix chain script '/home/dai/my_project/arm_robot/microros/02_action_server/extra_packages/install/setup.ps1'
[15.892s] INFO:colcon.colcon_core.shell:Creating prefix script '/home/dai/my_project/arm_robot/microros/02_action_server/extra_packages/install/local_setup.sh'
[15.893s] INFO:colcon.colcon_core.shell:Creating prefix util module '/home/dai/my_project/arm_robot/microros/02_action_server/extra_packages/install/_local_setup_util_sh.py'
[15.894s] INFO:colcon.colcon_core.shell:Creating prefix chain script '/home/dai/my_project/arm_robot/microros/02_action_server/extra_packages/install/setup.sh'
[15.897s] INFO:colcon.colcon_core.shell:Creating prefix script '/home/dai/my_project/arm_robot/microros/02_action_server/extra_packages/install/local_setup.bash'
[15.898s] INFO:colcon.colcon_core.shell:Creating prefix chain script '/home/dai/my_project/arm_robot/microros/02_action_server/extra_packages/install/setup.bash'
[15.901s] INFO:colcon.colcon_core.shell:Creating prefix script '/home/dai/my_project/arm_robot/microros/02_action_server/extra_packages/install/local_setup.zsh'
[15.909s] INFO:colcon.colcon_core.shell:Creating prefix chain script '/home/dai/my_project/arm_robot/microros/02_action_server/extra_packages/install/setup.zsh'
