[0.018s] Invoking command in '/home/dai/my_project/arm_robot/microros/02_action_server/extra_packages/build/base_interfaces': CMAKE_PREFIX_PATH=/opt/ros/humble /usr/bin/cmake /home/dai/my_project/arm_robot/microros/02_action_server/extra_packages/base_interfaces -DCMAKE_INSTALL_PREFIX=/home/dai/my_project/arm_robot/microros/02_action_server/extra_packages/install/base_interfaces
[0.119s] -- The C compiler identification is GNU 11.4.0
[0.209s] -- The CXX compiler identification is GNU 11.4.0
[0.226s] -- Detecting C compiler ABI info
[0.411s] -- Detecting C compiler ABI info - done
[0.426s] -- Check for working C compiler: /usr/bin/cc - skipped
[0.426s] -- Detecting C compile features
[0.427s] -- Detecting C compile features - done
[0.435s] -- Detecting CXX compiler ABI info
[0.605s] -- Detecting CXX compiler ABI info - done
[0.618s] -- Check for working CXX compiler: /usr/bin/c++ - skipped
[0.621s] -- Detecting CXX compile features
[0.621s] -- Detecting CXX compile features - done
[0.625s] -- Found ament_cmake: 1.3.9 (/opt/ros/humble/share/ament_cmake/cmake)
[0.874s] -- Found Python3: /usr/bin/python3 (found version "3.10.12") found components: Interpreter 
[1.007s] -- Found rosidl_default_generators: 1.2.0 (/opt/ros/humble/share/rosidl_default_generators/cmake)
[1.011s] -- Using all available rosidl_typesupport_c: rosidl_typesupport_fastrtps_c;rosidl_typesupport_introspection_c
[1.024s] -- Found rosidl_adapter: 3.1.5 (/opt/ros/humble/share/rosidl_adapter/cmake)
[1.101s] -- Using all available rosidl_typesupport_cpp: rosidl_typesupport_fastrtps_cpp;rosidl_typesupport_introspection_cpp
[2.036s] -- Found ament_cmake_ros: 0.10.0 (/opt/ros/humble/share/ament_cmake_ros/cmake)
[2.437s] -- Using all available rosidl_typesupport_c: rosidl_typesupport_fastrtps_c;rosidl_typesupport_introspection_c
[2.853s] -- Using all available rosidl_typesupport_cpp: rosidl_typesupport_fastrtps_cpp;rosidl_typesupport_introspection_cpp
[2.906s] -- Found PythonInterp: /usr/bin/python3 (found suitable version "3.10.12", minimum required is "3.6") 
[2.928s] -- Found python_cmake_module: 0.10.0 (/opt/ros/humble/share/python_cmake_module/cmake)
[3.101s] -- Found PythonLibs: /usr/lib/x86_64-linux-gnu/libpython3.10.so (found suitable version "3.10.12", minimum required is "3.5") 
[3.101s] -- Using PYTHON_EXECUTABLE: /usr/bin/python3
[3.101s] -- Using PYTHON_INCLUDE_DIRS: /usr/include/python3.10
[3.101s] -- Using PYTHON_LIBRARIES: /usr/lib/x86_64-linux-gnu/libpython3.10.so
[3.131s] -- Found PythonExtra: .so  
[3.268s] -- Found ament_lint_auto: 0.12.11 (/opt/ros/humble/share/ament_lint_auto/cmake)
[3.321s] -- Configuring done
[3.408s] -- Generating done
[3.412s] -- Build files have been written to: /home/dai/my_project/arm_robot/microros/02_action_server/extra_packages/build/base_interfaces
[3.421s] Invoked command in '/home/dai/my_project/arm_robot/microros/02_action_server/extra_packages/build/base_interfaces' returned '0': CMAKE_PREFIX_PATH=/opt/ros/humble /usr/bin/cmake /home/dai/my_project/arm_robot/microros/02_action_server/extra_packages/base_interfaces -DCMAKE_INSTALL_PREFIX=/home/dai/my_project/arm_robot/microros/02_action_server/extra_packages/install/base_interfaces
[3.424s] Invoking command in '/home/dai/my_project/arm_robot/microros/02_action_server/extra_packages/build/base_interfaces': CMAKE_PREFIX_PATH=/opt/ros/humble /usr/bin/cmake --build /home/dai/my_project/arm_robot/microros/02_action_server/extra_packages/build/base_interfaces -- -j4 -l4
[3.503s] [  3%] [34m[1mGenerating C code for ROS interfaces[0m
[3.524s] [  6%] [34m[1mGenerating C++ code for ROS interfaces[0m
[3.545s] [  6%] Built target ament_cmake_python_copy_base_interfaces
[4.005s] running egg_info
[4.005s] creating base_interfaces.egg-info
[4.006s] writing base_interfaces.egg-info/PKG-INFO
[4.006s] writing dependency_links to base_interfaces.egg-info/dependency_links.txt
[4.006s] writing top-level names to base_interfaces.egg-info/top_level.txt
[4.006s] writing manifest file 'base_interfaces.egg-info/SOURCES.txt'
[4.012s] reading manifest file 'base_interfaces.egg-info/SOURCES.txt'
[4.013s] writing manifest file 'base_interfaces.egg-info/SOURCES.txt'
[4.070s] [  6%] Built target ament_cmake_python_build_base_interfaces_egg
[4.264s] [  9%] Built target base_interfaces__cpp
[4.265s] [  9%] [32mBuilding C object CMakeFiles/base_interfaces__rosidl_generator_c.dir/rosidl_generator_c/base_interfaces/action/detail/angle__functions.c.o[0m
[4.285s] [ 12%] [34m[1mGenerating C++ type support dispatch for ROS interfaces[0m
[4.296s] [ 19%] [34m[1mGenerating C++ type support for eProsima Fast-RTPS[0m
[4.296s] [ 19%] [34m[1mGenerating C++ introspection for ROS interfaces[0m
[4.848s] [ 22%] [32mBuilding CXX object CMakeFiles/base_interfaces__rosidl_typesupport_introspection_cpp.dir/rosidl_typesupport_introspection_cpp/base_interfaces/action/detail/angle__type_support.cpp.o[0m
[4.858s] [ 25%] [32mBuilding CXX object CMakeFiles/base_interfaces__rosidl_typesupport_cpp.dir/rosidl_typesupport_cpp/base_interfaces/action/angle__type_support.cpp.o[0m
[5.001s] [ 29%] [32mBuilding CXX object CMakeFiles/base_interfaces__rosidl_typesupport_fastrtps_cpp.dir/rosidl_typesupport_fastrtps_cpp/base_interfaces/action/detail/dds_fastrtps/angle__type_support.cpp.o[0m
[7.631s] [ 32%] [32m[1mLinking CXX shared library libbase_interfaces__rosidl_typesupport_cpp.so[0m
[7.730s] [ 35%] [32m[1mLinking CXX shared library libbase_interfaces__rosidl_typesupport_introspection_cpp.so[0m
[7.972s] [ 35%] Built target base_interfaces__rosidl_typesupport_cpp
[8.073s] [ 35%] Built target base_interfaces__rosidl_typesupport_introspection_cpp
[8.098s] [ 38%] [32m[1mLinking C shared library libbase_interfaces__rosidl_generator_c.so[0m
[8.285s] [ 38%] Built target base_interfaces__rosidl_generator_c
[8.346s] [ 41%] [34m[1mGenerating C type support for eProsima Fast-RTPS[0m
[8.360s] [ 45%] [34m[1mGenerating C introspection for ROS interfaces[0m
[8.379s] [ 48%] [34m[1mGenerating C type support dispatch for ROS interfaces[0m
[8.666s] [ 51%] [32m[1mLinking CXX shared library libbase_interfaces__rosidl_typesupport_fastrtps_cpp.so[0m
[8.911s] [ 51%] Built target base_interfaces__rosidl_typesupport_fastrtps_cpp
[8.960s] [ 54%] [32mBuilding CXX object CMakeFiles/base_interfaces__rosidl_typesupport_c.dir/rosidl_typesupport_c/base_interfaces/action/angle__type_support.cpp.o[0m
[9.114s] [ 58%] [32mBuilding C object CMakeFiles/base_interfaces__rosidl_typesupport_introspection_c.dir/rosidl_typesupport_introspection_c/base_interfaces/action/detail/angle__type_support.c.o[0m
[9.117s] [ 61%] [32m[1mLinking CXX shared library libbase_interfaces__rosidl_typesupport_c.so[0m
[9.179s] [ 64%] [32mBuilding CXX object CMakeFiles/base_interfaces__rosidl_typesupport_fastrtps_c.dir/rosidl_typesupport_fastrtps_c/base_interfaces/action/detail/angle__type_support_c.cpp.o[0m
[9.251s] [ 64%] Built target base_interfaces__rosidl_typesupport_c
[9.291s] [ 67%] [32m[1mLinking C shared library libbase_interfaces__rosidl_typesupport_introspection_c.so[0m
[9.395s] [ 67%] Built target base_interfaces__rosidl_typesupport_introspection_c
[9.869s] [ 70%] [32m[1mLinking CXX shared library libbase_interfaces__rosidl_typesupport_fastrtps_c.so[0m
[10.063s] [ 70%] Built target base_interfaces__rosidl_typesupport_fastrtps_c
[10.111s] [ 70%] Built target base_interfaces
[10.154s] [ 74%] [34m[1mGenerating Python code for ROS interfaces[0m
[11.303s] [ 74%] Built target base_interfaces__py
[11.343s] [ 77%] [32mBuilding C object CMakeFiles/base_interfaces__rosidl_generator_py.dir/rosidl_generator_py/base_interfaces/action/_angle_s.c.o[0m
[12.731s] [ 80%] [32m[1mLinking C shared library rosidl_generator_py/base_interfaces/libbase_interfaces__rosidl_generator_py.so[0m
[12.842s] [ 80%] Built target base_interfaces__rosidl_generator_py
[12.889s] [ 83%] [32mBuilding C object CMakeFiles/base_interfaces__rosidl_typesupport_fastrtps_c__pyext.dir/rosidl_generator_py/base_interfaces/_base_interfaces_s.ep.rosidl_typesupport_fastrtps_c.c.o[0m
[12.890s] [ 87%] [32mBuilding C object CMakeFiles/base_interfaces__rosidl_typesupport_c__pyext.dir/rosidl_generator_py/base_interfaces/_base_interfaces_s.ep.rosidl_typesupport_c.c.o[0m
[12.896s] [ 90%] [32mBuilding C object CMakeFiles/base_interfaces__rosidl_typesupport_introspection_c__pyext.dir/rosidl_generator_py/base_interfaces/_base_interfaces_s.ep.rosidl_typesupport_introspection_c.c.o[0m
[13.104s] [ 93%] [32m[1mLinking C shared library rosidl_generator_py/base_interfaces/base_interfaces_s__rosidl_typesupport_c.cpython-310-x86_64-linux-gnu.so[0m
[13.108s] [ 96%] [32m[1mLinking C shared library rosidl_generator_py/base_interfaces/base_interfaces_s__rosidl_typesupport_introspection_c.cpython-310-x86_64-linux-gnu.so[0m
[13.110s] [100%] [32m[1mLinking C shared library rosidl_generator_py/base_interfaces/base_interfaces_s__rosidl_typesupport_fastrtps_c.cpython-310-x86_64-linux-gnu.so[0m
[13.188s] [100%] Built target base_interfaces__rosidl_typesupport_introspection_c__pyext
[13.188s] [100%] Built target base_interfaces__rosidl_typesupport_c__pyext
[13.203s] [100%] Built target base_interfaces__rosidl_typesupport_fastrtps_c__pyext
[13.233s] Invoked command in '/home/dai/my_project/arm_robot/microros/02_action_server/extra_packages/build/base_interfaces' returned '0': CMAKE_PREFIX_PATH=/opt/ros/humble /usr/bin/cmake --build /home/dai/my_project/arm_robot/microros/02_action_server/extra_packages/build/base_interfaces -- -j4 -l4
[13.446s] Invoking command in '/home/dai/my_project/arm_robot/microros/02_action_server/extra_packages/build/base_interfaces': CMAKE_PREFIX_PATH=/opt/ros/humble /usr/bin/cmake --install /home/dai/my_project/arm_robot/microros/02_action_server/extra_packages/build/base_interfaces
[13.461s] -- Install configuration: ""
[13.461s] -- Installing: /home/dai/my_project/arm_robot/microros/02_action_server/extra_packages/install/base_interfaces/share/ament_index/resource_index/rosidl_interfaces/base_interfaces
[13.464s] -- Installing: /home/dai/my_project/arm_robot/microros/02_action_server/extra_packages/install/base_interfaces/include/base_interfaces/base_interfaces
[13.467s] -- Installing: /home/dai/my_project/arm_robot/microros/02_action_server/extra_packages/install/base_interfaces/include/base_interfaces/base_interfaces/msg
[13.467s] -- Installing: /home/dai/my_project/arm_robot/microros/02_action_server/extra_packages/install/base_interfaces/include/base_interfaces/base_interfaces/msg/rosidl_generator_c__visibility_control.h
[13.469s] -- Installing: /home/dai/my_project/arm_robot/microros/02_action_server/extra_packages/install/base_interfaces/include/base_interfaces/base_interfaces/action
[13.470s] -- Installing: /home/dai/my_project/arm_robot/microros/02_action_server/extra_packages/install/base_interfaces/include/base_interfaces/base_interfaces/action/angle.h
[13.471s] -- Installing: /home/dai/my_project/arm_robot/microros/02_action_server/extra_packages/install/base_interfaces/include/base_interfaces/base_interfaces/action/detail
[13.472s] -- Installing: /home/dai/my_project/arm_robot/microros/02_action_server/extra_packages/install/base_interfaces/include/base_interfaces/base_interfaces/action/detail/angle__type_support.h
[13.474s] -- Installing: /home/dai/my_project/arm_robot/microros/02_action_server/extra_packages/install/base_interfaces/include/base_interfaces/base_interfaces/action/detail/angle__functions.c
[13.475s] -- Installing: /home/dai/my_project/arm_robot/microros/02_action_server/extra_packages/install/base_interfaces/include/base_interfaces/base_interfaces/action/detail/angle__functions.h
[13.476s] -- Installing: /home/dai/my_project/arm_robot/microros/02_action_server/extra_packages/install/base_interfaces/include/base_interfaces/base_interfaces/action/detail/angle__struct.h
[13.476s] -- Installing: /home/dai/my_project/arm_robot/microros/02_action_server/extra_packages/install/base_interfaces/share/base_interfaces/environment/library_path.sh
[13.477s] -- Installing: /home/dai/my_project/arm_robot/microros/02_action_server/extra_packages/install/base_interfaces/share/base_interfaces/environment/library_path.dsv
[13.477s] -- Installing: /home/dai/my_project/arm_robot/microros/02_action_server/extra_packages/install/base_interfaces/lib/libbase_interfaces__rosidl_generator_c.so
[13.478s] -- Set runtime path of "/home/dai/my_project/arm_robot/microros/02_action_server/extra_packages/install/base_interfaces/lib/libbase_interfaces__rosidl_generator_c.so" to ""
[13.478s] -- Up-to-date: /home/dai/my_project/arm_robot/microros/02_action_server/extra_packages/install/base_interfaces/include/base_interfaces/base_interfaces
[13.478s] -- Up-to-date: /home/dai/my_project/arm_robot/microros/02_action_server/extra_packages/install/base_interfaces/include/base_interfaces/base_interfaces/msg
[13.481s] -- Installing: /home/dai/my_project/arm_robot/microros/02_action_server/extra_packages/install/base_interfaces/include/base_interfaces/base_interfaces/msg/rosidl_typesupport_fastrtps_c__visibility_control.h
[13.481s] -- Up-to-date: /home/dai/my_project/arm_robot/microros/02_action_server/extra_packages/install/base_interfaces/include/base_interfaces/base_interfaces/action
[13.481s] -- Up-to-date: /home/dai/my_project/arm_robot/microros/02_action_server/extra_packages/install/base_interfaces/include/base_interfaces/base_interfaces/action/detail
[13.481s] -- Installing: /home/dai/my_project/arm_robot/microros/02_action_server/extra_packages/install/base_interfaces/include/base_interfaces/base_interfaces/action/detail/angle__rosidl_typesupport_fastrtps_c.h
[13.481s] -- Installing: /home/dai/my_project/arm_robot/microros/02_action_server/extra_packages/install/base_interfaces/lib/libbase_interfaces__rosidl_typesupport_fastrtps_c.so
[13.481s] -- Set runtime path of "/home/dai/my_project/arm_robot/microros/02_action_server/extra_packages/install/base_interfaces/lib/libbase_interfaces__rosidl_typesupport_fastrtps_c.so" to ""
[13.481s] -- Up-to-date: /home/dai/my_project/arm_robot/microros/02_action_server/extra_packages/install/base_interfaces/include/base_interfaces/base_interfaces
[13.481s] -- Up-to-date: /home/dai/my_project/arm_robot/microros/02_action_server/extra_packages/install/base_interfaces/include/base_interfaces/base_interfaces/msg
[13.482s] -- Installing: /home/dai/my_project/arm_robot/microros/02_action_server/extra_packages/install/base_interfaces/include/base_interfaces/base_interfaces/msg/rosidl_typesupport_introspection_c__visibility_control.h
[13.482s] -- Up-to-date: /home/dai/my_project/arm_robot/microros/02_action_server/extra_packages/install/base_interfaces/include/base_interfaces/base_interfaces/action
[13.482s] -- Up-to-date: /home/dai/my_project/arm_robot/microros/02_action_server/extra_packages/install/base_interfaces/include/base_interfaces/base_interfaces/action/detail
[13.482s] -- Installing: /home/dai/my_project/arm_robot/microros/02_action_server/extra_packages/install/base_interfaces/include/base_interfaces/base_interfaces/action/detail/angle__rosidl_typesupport_introspection_c.h
[13.482s] -- Installing: /home/dai/my_project/arm_robot/microros/02_action_server/extra_packages/install/base_interfaces/include/base_interfaces/base_interfaces/action/detail/angle__type_support.c
[13.482s] -- Installing: /home/dai/my_project/arm_robot/microros/02_action_server/extra_packages/install/base_interfaces/lib/libbase_interfaces__rosidl_typesupport_introspection_c.so
[13.482s] -- Set runtime path of "/home/dai/my_project/arm_robot/microros/02_action_server/extra_packages/install/base_interfaces/lib/libbase_interfaces__rosidl_typesupport_introspection_c.so" to ""
[13.482s] -- Installing: /home/dai/my_project/arm_robot/microros/02_action_server/extra_packages/install/base_interfaces/lib/libbase_interfaces__rosidl_typesupport_c.so
[13.483s] -- Set runtime path of "/home/dai/my_project/arm_robot/microros/02_action_server/extra_packages/install/base_interfaces/lib/libbase_interfaces__rosidl_typesupport_c.so" to ""
[13.483s] -- Up-to-date: /home/dai/my_project/arm_robot/microros/02_action_server/extra_packages/install/base_interfaces/include/base_interfaces/base_interfaces
[13.483s] -- Up-to-date: /home/dai/my_project/arm_robot/microros/02_action_server/extra_packages/install/base_interfaces/include/base_interfaces/base_interfaces/action
[13.483s] -- Installing: /home/dai/my_project/arm_robot/microros/02_action_server/extra_packages/install/base_interfaces/include/base_interfaces/base_interfaces/action/angle.hpp
[13.483s] -- Up-to-date: /home/dai/my_project/arm_robot/microros/02_action_server/extra_packages/install/base_interfaces/include/base_interfaces/base_interfaces/action/detail
[13.484s] -- Installing: /home/dai/my_project/arm_robot/microros/02_action_server/extra_packages/install/base_interfaces/include/base_interfaces/base_interfaces/action/detail/angle__traits.hpp
[13.484s] -- Installing: /home/dai/my_project/arm_robot/microros/02_action_server/extra_packages/install/base_interfaces/include/base_interfaces/base_interfaces/action/detail/angle__struct.hpp
[13.484s] -- Installing: /home/dai/my_project/arm_robot/microros/02_action_server/extra_packages/install/base_interfaces/include/base_interfaces/base_interfaces/action/detail/angle__builder.hpp
[13.484s] -- Up-to-date: /home/dai/my_project/arm_robot/microros/02_action_server/extra_packages/install/base_interfaces/include/base_interfaces/base_interfaces
[13.484s] -- Up-to-date: /home/dai/my_project/arm_robot/microros/02_action_server/extra_packages/install/base_interfaces/include/base_interfaces/base_interfaces/msg
[13.485s] -- Installing: /home/dai/my_project/arm_robot/microros/02_action_server/extra_packages/install/base_interfaces/include/base_interfaces/base_interfaces/msg/rosidl_typesupport_fastrtps_cpp__visibility_control.h
[13.485s] -- Up-to-date: /home/dai/my_project/arm_robot/microros/02_action_server/extra_packages/install/base_interfaces/include/base_interfaces/base_interfaces/action
[13.485s] -- Up-to-date: /home/dai/my_project/arm_robot/microros/02_action_server/extra_packages/install/base_interfaces/include/base_interfaces/base_interfaces/action/detail
[13.485s] -- Installing: /home/dai/my_project/arm_robot/microros/02_action_server/extra_packages/install/base_interfaces/include/base_interfaces/base_interfaces/action/detail/angle__rosidl_typesupport_fastrtps_cpp.hpp
[13.485s] -- Installing: /home/dai/my_project/arm_robot/microros/02_action_server/extra_packages/install/base_interfaces/include/base_interfaces/base_interfaces/action/detail/dds_fastrtps
[13.485s] -- Installing: /home/dai/my_project/arm_robot/microros/02_action_server/extra_packages/install/base_interfaces/lib/libbase_interfaces__rosidl_typesupport_fastrtps_cpp.so
[13.486s] -- Set runtime path of "/home/dai/my_project/arm_robot/microros/02_action_server/extra_packages/install/base_interfaces/lib/libbase_interfaces__rosidl_typesupport_fastrtps_cpp.so" to ""
[13.486s] -- Up-to-date: /home/dai/my_project/arm_robot/microros/02_action_server/extra_packages/install/base_interfaces/include/base_interfaces/base_interfaces
[13.486s] -- Up-to-date: /home/dai/my_project/arm_robot/microros/02_action_server/extra_packages/install/base_interfaces/include/base_interfaces/base_interfaces/action
[13.487s] -- Up-to-date: /home/dai/my_project/arm_robot/microros/02_action_server/extra_packages/install/base_interfaces/include/base_interfaces/base_interfaces/action/detail
[13.487s] -- Installing: /home/dai/my_project/arm_robot/microros/02_action_server/extra_packages/install/base_interfaces/include/base_interfaces/base_interfaces/action/detail/angle__type_support.cpp
[13.487s] -- Installing: /home/dai/my_project/arm_robot/microros/02_action_server/extra_packages/install/base_interfaces/include/base_interfaces/base_interfaces/action/detail/angle__rosidl_typesupport_introspection_cpp.hpp
[13.487s] -- Installing: /home/dai/my_project/arm_robot/microros/02_action_server/extra_packages/install/base_interfaces/lib/libbase_interfaces__rosidl_typesupport_introspection_cpp.so
[13.488s] -- Set runtime path of "/home/dai/my_project/arm_robot/microros/02_action_server/extra_packages/install/base_interfaces/lib/libbase_interfaces__rosidl_typesupport_introspection_cpp.so" to ""
[13.488s] -- Installing: /home/dai/my_project/arm_robot/microros/02_action_server/extra_packages/install/base_interfaces/lib/libbase_interfaces__rosidl_typesupport_cpp.so
[13.488s] -- Set runtime path of "/home/dai/my_project/arm_robot/microros/02_action_server/extra_packages/install/base_interfaces/lib/libbase_interfaces__rosidl_typesupport_cpp.so" to ""
[13.488s] -- Installing: /home/dai/my_project/arm_robot/microros/02_action_server/extra_packages/install/base_interfaces/share/base_interfaces/environment/pythonpath.sh
[13.488s] -- Installing: /home/dai/my_project/arm_robot/microros/02_action_server/extra_packages/install/base_interfaces/share/base_interfaces/environment/pythonpath.dsv
[13.489s] -- Installing: /home/dai/my_project/arm_robot/microros/02_action_server/extra_packages/install/base_interfaces/local/lib/python3.10/dist-packages/base_interfaces-0.0.0-py3.10.egg-info
[13.489s] -- Installing: /home/dai/my_project/arm_robot/microros/02_action_server/extra_packages/install/base_interfaces/local/lib/python3.10/dist-packages/base_interfaces-0.0.0-py3.10.egg-info/dependency_links.txt
[13.489s] -- Installing: /home/dai/my_project/arm_robot/microros/02_action_server/extra_packages/install/base_interfaces/local/lib/python3.10/dist-packages/base_interfaces-0.0.0-py3.10.egg-info/top_level.txt
[13.489s] -- Installing: /home/dai/my_project/arm_robot/microros/02_action_server/extra_packages/install/base_interfaces/local/lib/python3.10/dist-packages/base_interfaces-0.0.0-py3.10.egg-info/PKG-INFO
[13.489s] -- Installing: /home/dai/my_project/arm_robot/microros/02_action_server/extra_packages/install/base_interfaces/local/lib/python3.10/dist-packages/base_interfaces-0.0.0-py3.10.egg-info/SOURCES.txt
[13.490s] -- Installing: /home/dai/my_project/arm_robot/microros/02_action_server/extra_packages/install/base_interfaces/local/lib/python3.10/dist-packages/base_interfaces
[13.490s] -- Installing: /home/dai/my_project/arm_robot/microros/02_action_server/extra_packages/install/base_interfaces/local/lib/python3.10/dist-packages/base_interfaces/_base_interfaces_s.ep.rosidl_typesupport_c.c
[13.490s] -- Installing: /home/dai/my_project/arm_robot/microros/02_action_server/extra_packages/install/base_interfaces/local/lib/python3.10/dist-packages/base_interfaces/base_interfaces_s__rosidl_typesupport_c.cpython-310-x86_64-linux-gnu.so
[13.490s] -- Installing: /home/dai/my_project/arm_robot/microros/02_action_server/extra_packages/install/base_interfaces/local/lib/python3.10/dist-packages/base_interfaces/__init__.py
[13.490s] -- Installing: /home/dai/my_project/arm_robot/microros/02_action_server/extra_packages/install/base_interfaces/local/lib/python3.10/dist-packages/base_interfaces/base_interfaces_s__rosidl_typesupport_introspection_c.cpython-310-x86_64-linux-gnu.so
[13.491s] -- Installing: /home/dai/my_project/arm_robot/microros/02_action_server/extra_packages/install/base_interfaces/local/lib/python3.10/dist-packages/base_interfaces/_base_interfaces_s.ep.rosidl_typesupport_introspection_c.c
[13.491s] -- Installing: /home/dai/my_project/arm_robot/microros/02_action_server/extra_packages/install/base_interfaces/local/lib/python3.10/dist-packages/base_interfaces/_base_interfaces_s.ep.rosidl_typesupport_fastrtps_c.c
[13.491s] -- Installing: /home/dai/my_project/arm_robot/microros/02_action_server/extra_packages/install/base_interfaces/local/lib/python3.10/dist-packages/base_interfaces/base_interfaces_s__rosidl_typesupport_fastrtps_c.cpython-310-x86_64-linux-gnu.so
[13.491s] -- Installing: /home/dai/my_project/arm_robot/microros/02_action_server/extra_packages/install/base_interfaces/local/lib/python3.10/dist-packages/base_interfaces/libbase_interfaces__rosidl_generator_py.so
[13.492s] -- Installing: /home/dai/my_project/arm_robot/microros/02_action_server/extra_packages/install/base_interfaces/local/lib/python3.10/dist-packages/base_interfaces/action
[13.492s] -- Installing: /home/dai/my_project/arm_robot/microros/02_action_server/extra_packages/install/base_interfaces/local/lib/python3.10/dist-packages/base_interfaces/action/_angle_s.c
[13.492s] -- Installing: /home/dai/my_project/arm_robot/microros/02_action_server/extra_packages/install/base_interfaces/local/lib/python3.10/dist-packages/base_interfaces/action/__init__.py
[13.492s] -- Installing: /home/dai/my_project/arm_robot/microros/02_action_server/extra_packages/install/base_interfaces/local/lib/python3.10/dist-packages/base_interfaces/action/_angle.py
[13.547s] Listing '/home/dai/my_project/arm_robot/microros/02_action_server/extra_packages/install/base_interfaces/local/lib/python3.10/dist-packages/base_interfaces'...
[13.548s] Compiling '/home/dai/my_project/arm_robot/microros/02_action_server/extra_packages/install/base_interfaces/local/lib/python3.10/dist-packages/base_interfaces/__init__.py'...
[13.548s] Listing '/home/dai/my_project/arm_robot/microros/02_action_server/extra_packages/install/base_interfaces/local/lib/python3.10/dist-packages/base_interfaces/action'...
[13.548s] Compiling '/home/dai/my_project/arm_robot/microros/02_action_server/extra_packages/install/base_interfaces/local/lib/python3.10/dist-packages/base_interfaces/action/__init__.py'...
[13.548s] Compiling '/home/dai/my_project/arm_robot/microros/02_action_server/extra_packages/install/base_interfaces/local/lib/python3.10/dist-packages/base_interfaces/action/_angle.py'...
[13.555s] -- Installing: /home/dai/my_project/arm_robot/microros/02_action_server/extra_packages/install/base_interfaces/local/lib/python3.10/dist-packages/base_interfaces/base_interfaces_s__rosidl_typesupport_fastrtps_c.cpython-310-x86_64-linux-gnu.so
[13.555s] -- Set runtime path of "/home/dai/my_project/arm_robot/microros/02_action_server/extra_packages/install/base_interfaces/local/lib/python3.10/dist-packages/base_interfaces/base_interfaces_s__rosidl_typesupport_fastrtps_c.cpython-310-x86_64-linux-gnu.so" to ""
[13.556s] -- Installing: /home/dai/my_project/arm_robot/microros/02_action_server/extra_packages/install/base_interfaces/local/lib/python3.10/dist-packages/base_interfaces/base_interfaces_s__rosidl_typesupport_introspection_c.cpython-310-x86_64-linux-gnu.so
[13.559s] -- Set runtime path of "/home/dai/my_project/arm_robot/microros/02_action_server/extra_packages/install/base_interfaces/local/lib/python3.10/dist-packages/base_interfaces/base_interfaces_s__rosidl_typesupport_introspection_c.cpython-310-x86_64-linux-gnu.so" to ""
[13.559s] -- Installing: /home/dai/my_project/arm_robot/microros/02_action_server/extra_packages/install/base_interfaces/local/lib/python3.10/dist-packages/base_interfaces/base_interfaces_s__rosidl_typesupport_c.cpython-310-x86_64-linux-gnu.so
[13.560s] -- Set runtime path of "/home/dai/my_project/arm_robot/microros/02_action_server/extra_packages/install/base_interfaces/local/lib/python3.10/dist-packages/base_interfaces/base_interfaces_s__rosidl_typesupport_c.cpython-310-x86_64-linux-gnu.so" to ""
[13.560s] -- Installing: /home/dai/my_project/arm_robot/microros/02_action_server/extra_packages/install/base_interfaces/lib/libbase_interfaces__rosidl_generator_py.so
[13.563s] -- Set runtime path of "/home/dai/my_project/arm_robot/microros/02_action_server/extra_packages/install/base_interfaces/lib/libbase_interfaces__rosidl_generator_py.so" to ""
[13.563s] -- Installing: /home/dai/my_project/arm_robot/microros/02_action_server/extra_packages/install/base_interfaces/share/base_interfaces/action/Angle.idl
[13.563s] -- Installing: /home/dai/my_project/arm_robot/microros/02_action_server/extra_packages/install/base_interfaces/share/base_interfaces/action/Angle.action
[13.564s] -- Installing: /home/dai/my_project/arm_robot/microros/02_action_server/extra_packages/install/base_interfaces/share/ament_index/resource_index/package_run_dependencies/base_interfaces
[13.564s] -- Installing: /home/dai/my_project/arm_robot/microros/02_action_server/extra_packages/install/base_interfaces/share/ament_index/resource_index/parent_prefix_path/base_interfaces
[13.564s] -- Installing: /home/dai/my_project/arm_robot/microros/02_action_server/extra_packages/install/base_interfaces/share/base_interfaces/environment/ament_prefix_path.sh
[13.564s] -- Installing: /home/dai/my_project/arm_robot/microros/02_action_server/extra_packages/install/base_interfaces/share/base_interfaces/environment/ament_prefix_path.dsv
[13.565s] -- Installing: /home/dai/my_project/arm_robot/microros/02_action_server/extra_packages/install/base_interfaces/share/base_interfaces/environment/path.sh
[13.565s] -- Installing: /home/dai/my_project/arm_robot/microros/02_action_server/extra_packages/install/base_interfaces/share/base_interfaces/environment/path.dsv
[13.565s] -- Installing: /home/dai/my_project/arm_robot/microros/02_action_server/extra_packages/install/base_interfaces/share/base_interfaces/local_setup.bash
[13.565s] -- Installing: /home/dai/my_project/arm_robot/microros/02_action_server/extra_packages/install/base_interfaces/share/base_interfaces/local_setup.sh
[13.566s] -- Installing: /home/dai/my_project/arm_robot/microros/02_action_server/extra_packages/install/base_interfaces/share/base_interfaces/local_setup.zsh
[13.566s] -- Installing: /home/dai/my_project/arm_robot/microros/02_action_server/extra_packages/install/base_interfaces/share/base_interfaces/local_setup.dsv
[13.567s] -- Installing: /home/dai/my_project/arm_robot/microros/02_action_server/extra_packages/install/base_interfaces/share/base_interfaces/package.dsv
[13.567s] -- Installing: /home/dai/my_project/arm_robot/microros/02_action_server/extra_packages/install/base_interfaces/share/ament_index/resource_index/packages/base_interfaces
[13.567s] -- Installing: /home/dai/my_project/arm_robot/microros/02_action_server/extra_packages/install/base_interfaces/share/base_interfaces/cmake/export_base_interfaces__rosidl_generator_cExport.cmake
[13.567s] -- Installing: /home/dai/my_project/arm_robot/microros/02_action_server/extra_packages/install/base_interfaces/share/base_interfaces/cmake/export_base_interfaces__rosidl_generator_cExport-noconfig.cmake
[13.571s] -- Installing: /home/dai/my_project/arm_robot/microros/02_action_server/extra_packages/install/base_interfaces/share/base_interfaces/cmake/export_base_interfaces__rosidl_typesupport_fastrtps_cExport.cmake
[13.571s] -- Installing: /home/dai/my_project/arm_robot/microros/02_action_server/extra_packages/install/base_interfaces/share/base_interfaces/cmake/export_base_interfaces__rosidl_typesupport_fastrtps_cExport-noconfig.cmake
[13.571s] -- Installing: /home/dai/my_project/arm_robot/microros/02_action_server/extra_packages/install/base_interfaces/share/base_interfaces/cmake/base_interfaces__rosidl_typesupport_introspection_cExport.cmake
[13.571s] -- Installing: /home/dai/my_project/arm_robot/microros/02_action_server/extra_packages/install/base_interfaces/share/base_interfaces/cmake/base_interfaces__rosidl_typesupport_introspection_cExport-noconfig.cmake
[13.571s] -- Installing: /home/dai/my_project/arm_robot/microros/02_action_server/extra_packages/install/base_interfaces/share/base_interfaces/cmake/base_interfaces__rosidl_typesupport_cExport.cmake
[13.571s] -- Installing: /home/dai/my_project/arm_robot/microros/02_action_server/extra_packages/install/base_interfaces/share/base_interfaces/cmake/base_interfaces__rosidl_typesupport_cExport-noconfig.cmake
[13.571s] -- Installing: /home/dai/my_project/arm_robot/microros/02_action_server/extra_packages/install/base_interfaces/share/base_interfaces/cmake/export_base_interfaces__rosidl_generator_cppExport.cmake
[13.572s] -- Installing: /home/dai/my_project/arm_robot/microros/02_action_server/extra_packages/install/base_interfaces/share/base_interfaces/cmake/export_base_interfaces__rosidl_typesupport_fastrtps_cppExport.cmake
[13.572s] -- Installing: /home/dai/my_project/arm_robot/microros/02_action_server/extra_packages/install/base_interfaces/share/base_interfaces/cmake/export_base_interfaces__rosidl_typesupport_fastrtps_cppExport-noconfig.cmake
[13.572s] -- Installing: /home/dai/my_project/arm_robot/microros/02_action_server/extra_packages/install/base_interfaces/share/base_interfaces/cmake/base_interfaces__rosidl_typesupport_introspection_cppExport.cmake
[13.572s] -- Installing: /home/dai/my_project/arm_robot/microros/02_action_server/extra_packages/install/base_interfaces/share/base_interfaces/cmake/base_interfaces__rosidl_typesupport_introspection_cppExport-noconfig.cmake
[13.572s] -- Installing: /home/dai/my_project/arm_robot/microros/02_action_server/extra_packages/install/base_interfaces/share/base_interfaces/cmake/base_interfaces__rosidl_typesupport_cppExport.cmake
[13.572s] -- Installing: /home/dai/my_project/arm_robot/microros/02_action_server/extra_packages/install/base_interfaces/share/base_interfaces/cmake/base_interfaces__rosidl_typesupport_cppExport-noconfig.cmake
[13.572s] -- Installing: /home/dai/my_project/arm_robot/microros/02_action_server/extra_packages/install/base_interfaces/share/base_interfaces/cmake/export_base_interfaces__rosidl_generator_pyExport.cmake
[13.572s] -- Installing: /home/dai/my_project/arm_robot/microros/02_action_server/extra_packages/install/base_interfaces/share/base_interfaces/cmake/export_base_interfaces__rosidl_generator_pyExport-noconfig.cmake
[13.573s] -- Installing: /home/dai/my_project/arm_robot/microros/02_action_server/extra_packages/install/base_interfaces/share/base_interfaces/cmake/rosidl_cmake-extras.cmake
[13.573s] -- Installing: /home/dai/my_project/arm_robot/microros/02_action_server/extra_packages/install/base_interfaces/share/base_interfaces/cmake/ament_cmake_export_dependencies-extras.cmake
[13.573s] -- Installing: /home/dai/my_project/arm_robot/microros/02_action_server/extra_packages/install/base_interfaces/share/base_interfaces/cmake/ament_cmake_export_include_directories-extras.cmake
[13.573s] -- Installing: /home/dai/my_project/arm_robot/microros/02_action_server/extra_packages/install/base_interfaces/share/base_interfaces/cmake/ament_cmake_export_libraries-extras.cmake
[13.574s] -- Installing: /home/dai/my_project/arm_robot/microros/02_action_server/extra_packages/install/base_interfaces/share/base_interfaces/cmake/ament_cmake_export_targets-extras.cmake
[13.574s] -- Installing: /home/dai/my_project/arm_robot/microros/02_action_server/extra_packages/install/base_interfaces/share/base_interfaces/cmake/rosidl_cmake_export_typesupport_targets-extras.cmake
[13.574s] -- Installing: /home/dai/my_project/arm_robot/microros/02_action_server/extra_packages/install/base_interfaces/share/base_interfaces/cmake/rosidl_cmake_export_typesupport_libraries-extras.cmake
[13.574s] -- Installing: /home/dai/my_project/arm_robot/microros/02_action_server/extra_packages/install/base_interfaces/share/base_interfaces/cmake/base_interfacesConfig.cmake
[13.575s] -- Installing: /home/dai/my_project/arm_robot/microros/02_action_server/extra_packages/install/base_interfaces/share/base_interfaces/cmake/base_interfacesConfig-version.cmake
[13.575s] -- Installing: /home/dai/my_project/arm_robot/microros/02_action_server/extra_packages/install/base_interfaces/share/base_interfaces/package.xml
[13.578s] Invoked command in '/home/dai/my_project/arm_robot/microros/02_action_server/extra_packages/build/base_interfaces' returned '0': CMAKE_PREFIX_PATH=/opt/ros/humble /usr/bin/cmake --install /home/dai/my_project/arm_robot/microros/02_action_server/extra_packages/build/base_interfaces
