[0.096s] Invoking command in '/home/dai/my_project/arm_robot/microros/02_action_server/extra_packages/build/base_interfaces': CMAKE_PREFIX_PATH=/opt/ros/humble /usr/bin/cmake --build /home/dai/my_project/arm_robot/microros/02_action_server/extra_packages/build/base_interfaces -- -j4 -l4
[0.507s] -- Found ament_cmake: 1.3.10 (/opt/ros/humble/share/ament_cmake/cmake)
[1.154s] -- Found rosidl_default_generators: 1.2.0 (/opt/ros/humble/share/rosidl_default_generators/cmake)
[1.246s] -- Using all available rosidl_typesupport_c: rosidl_typesupport_fastrtps_c;rosidl_typesupport_introspection_c
[1.295s] -- Found rosidl_adapter: 3.1.5 (/opt/ros/humble/share/rosidl_adapter/cmake)
[1.586s] -- Using all available rosidl_typesupport_cpp: rosidl_typesupport_fastrtps_cpp;rosidl_typesupport_introspection_cpp
[2.944s] -- Found ament_cmake_ros: 0.10.0 (/opt/ros/humble/share/ament_cmake_ros/cmake)
[3.448s] -- Using all available rosidl_typesupport_c: rosidl_typesupport_fastrtps_c;rosidl_typesupport_introspection_c
[4.155s] -- Using all available rosidl_typesupport_cpp: rosidl_typesupport_fastrtps_cpp;rosidl_typesupport_introspection_cpp
[4.226s] -- Found python_cmake_module: 0.10.0 (/opt/ros/humble/share/python_cmake_module/cmake)
[4.284s] -- Using PYTHON_EXECUTABLE: /usr/bin/python3
[4.284s] -- Using PYTHON_INCLUDE_DIRS: /usr/include/python3.10
[4.284s] -- Using PYTHON_LIBRARIES: /usr/lib/x86_64-linux-gnu/libpython3.10.so
[4.417s] -- Found ament_lint_auto: 0.12.11 (/opt/ros/humble/share/ament_lint_auto/cmake)
[4.596s] -- Configuring done
[5.015s] -- Generating done
[5.094s] -- Build files have been written to: /home/dai/my_project/arm_robot/microros/02_action_server/extra_packages/build/base_interfaces
[5.260s] [35m[1mConsolidate compiler generated dependencies of target base_interfaces__rosidl_generator_c[0m
[5.281s] [  3%] Built target base_interfaces__cpp
[5.347s] [ 12%] Built target base_interfaces__rosidl_generator_c
[5.383s] [35m[1mConsolidate compiler generated dependencies of target base_interfaces__rosidl_typesupport_fastrtps_cpp[0m
[5.443s] [ 12%] Built target ament_cmake_python_copy_base_interfaces
[5.472s] [ 22%] Built target base_interfaces__rosidl_typesupport_fastrtps_cpp
[5.474s] [35m[1mConsolidate compiler generated dependencies of target base_interfaces__rosidl_typesupport_introspection_cpp[0m
[5.503s] [ 32%] Built target base_interfaces__rosidl_typesupport_introspection_cpp
[5.509s] [35m[1mConsolidate compiler generated dependencies of target base_interfaces__rosidl_typesupport_fastrtps_c[0m
[5.537s] [35m[1mConsolidate compiler generated dependencies of target base_interfaces__rosidl_typesupport_introspection_c[0m
[5.573s] [ 41%] Built target base_interfaces__rosidl_typesupport_fastrtps_c
[5.596s] [ 51%] Built target base_interfaces__rosidl_typesupport_introspection_c
[5.649s] [35m[1mConsolidate compiler generated dependencies of target base_interfaces__rosidl_typesupport_c[0m
[5.706s] [ 61%] Built target base_interfaces__rosidl_typesupport_c
[5.749s] [35m[1mConsolidate compiler generated dependencies of target base_interfaces__rosidl_typesupport_cpp[0m
[5.828s] [ 70%] Built target base_interfaces__rosidl_typesupport_cpp
[5.900s] [ 70%] Built target base_interfaces
[5.994s] [ 74%] Built target base_interfaces__py
[6.042s] [35m[1mConsolidate compiler generated dependencies of target base_interfaces__rosidl_generator_py[0m
[6.083s] [ 80%] Built target base_interfaces__rosidl_generator_py
[6.114s] [35m[1mConsolidate compiler generated dependencies of target base_interfaces__rosidl_typesupport_fastrtps_c__pyext[0m
[6.152s] [ 87%] Built target base_interfaces__rosidl_typesupport_fastrtps_c__pyext
[6.190s] [35m[1mConsolidate compiler generated dependencies of target base_interfaces__rosidl_typesupport_c__pyext[0m
[6.263s] [ 93%] Built target base_interfaces__rosidl_typesupport_c__pyext
[6.380s] [35m[1mConsolidate compiler generated dependencies of target base_interfaces__rosidl_typesupport_introspection_c__pyext[0m
[6.478s] [100%] Built target base_interfaces__rosidl_typesupport_introspection_c__pyext
[6.494s] running egg_info
[6.497s] writing base_interfaces.egg-info/PKG-INFO
[6.499s] writing dependency_links to base_interfaces.egg-info/dependency_links.txt
[6.499s] writing top-level names to base_interfaces.egg-info/top_level.txt
[6.507s] reading manifest file 'base_interfaces.egg-info/SOURCES.txt'
[6.510s] writing manifest file 'base_interfaces.egg-info/SOURCES.txt'
[6.585s] [100%] Built target ament_cmake_python_build_base_interfaces_egg
[6.628s] Invoked command in '/home/dai/my_project/arm_robot/microros/02_action_server/extra_packages/build/base_interfaces' returned '0': CMAKE_PREFIX_PATH=/opt/ros/humble /usr/bin/cmake --build /home/dai/my_project/arm_robot/microros/02_action_server/extra_packages/build/base_interfaces -- -j4 -l4
[6.997s] Invoking command in '/home/dai/my_project/arm_robot/microros/02_action_server/extra_packages/build/base_interfaces': CMAKE_PREFIX_PATH=/opt/ros/humble /usr/bin/cmake --install /home/dai/my_project/arm_robot/microros/02_action_server/extra_packages/build/base_interfaces
[7.020s] -- Install configuration: ""
[7.020s] -- Up-to-date: /home/dai/my_project/arm_robot/microros/02_action_server/extra_packages/install/base_interfaces/share/ament_index/resource_index/rosidl_interfaces/base_interfaces
[7.021s] -- Up-to-date: /home/dai/my_project/arm_robot/microros/02_action_server/extra_packages/install/base_interfaces/include/base_interfaces/base_interfaces
[7.021s] -- Up-to-date: /home/dai/my_project/arm_robot/microros/02_action_server/extra_packages/install/base_interfaces/include/base_interfaces/base_interfaces/msg
[7.021s] -- Up-to-date: /home/dai/my_project/arm_robot/microros/02_action_server/extra_packages/install/base_interfaces/include/base_interfaces/base_interfaces/msg/rosidl_generator_c__visibility_control.h
[7.021s] -- Up-to-date: /home/dai/my_project/arm_robot/microros/02_action_server/extra_packages/install/base_interfaces/include/base_interfaces/base_interfaces/action
[7.021s] -- Up-to-date: /home/dai/my_project/arm_robot/microros/02_action_server/extra_packages/install/base_interfaces/include/base_interfaces/base_interfaces/action/angle.h
[7.021s] -- Up-to-date: /home/dai/my_project/arm_robot/microros/02_action_server/extra_packages/install/base_interfaces/include/base_interfaces/base_interfaces/action/detail
[7.021s] -- Up-to-date: /home/dai/my_project/arm_robot/microros/02_action_server/extra_packages/install/base_interfaces/include/base_interfaces/base_interfaces/action/detail/angle__type_support.h
[7.029s] -- Up-to-date: /home/dai/my_project/arm_robot/microros/02_action_server/extra_packages/install/base_interfaces/include/base_interfaces/base_interfaces/action/detail/angle__functions.c
[7.029s] -- Up-to-date: /home/dai/my_project/arm_robot/microros/02_action_server/extra_packages/install/base_interfaces/include/base_interfaces/base_interfaces/action/detail/angle__functions.h
[7.030s] -- Up-to-date: /home/dai/my_project/arm_robot/microros/02_action_server/extra_packages/install/base_interfaces/include/base_interfaces/base_interfaces/action/detail/angle__struct.h
[7.035s] -- Up-to-date: /home/dai/my_project/arm_robot/microros/02_action_server/extra_packages/install/base_interfaces/share/base_interfaces/environment/library_path.sh
[7.035s] -- Installing: /home/dai/my_project/arm_robot/microros/02_action_server/extra_packages/install/base_interfaces/share/base_interfaces/environment/library_path.dsv
[7.067s] -- Up-to-date: /home/dai/my_project/arm_robot/microros/02_action_server/extra_packages/install/base_interfaces/lib/libbase_interfaces__rosidl_generator_c.so
[7.067s] -- Up-to-date: /home/dai/my_project/arm_robot/microros/02_action_server/extra_packages/install/base_interfaces/include/base_interfaces/base_interfaces
[7.067s] -- Up-to-date: /home/dai/my_project/arm_robot/microros/02_action_server/extra_packages/install/base_interfaces/include/base_interfaces/base_interfaces/msg
[7.068s] -- Up-to-date: /home/dai/my_project/arm_robot/microros/02_action_server/extra_packages/install/base_interfaces/include/base_interfaces/base_interfaces/msg/rosidl_typesupport_fastrtps_c__visibility_control.h
[7.068s] -- Up-to-date: /home/dai/my_project/arm_robot/microros/02_action_server/extra_packages/install/base_interfaces/include/base_interfaces/base_interfaces/action
[7.068s] -- Up-to-date: /home/dai/my_project/arm_robot/microros/02_action_server/extra_packages/install/base_interfaces/include/base_interfaces/base_interfaces/action/detail
[7.068s] -- Up-to-date: /home/dai/my_project/arm_robot/microros/02_action_server/extra_packages/install/base_interfaces/include/base_interfaces/base_interfaces/action/detail/angle__rosidl_typesupport_fastrtps_c.h
[7.088s] -- Up-to-date: /home/dai/my_project/arm_robot/microros/02_action_server/extra_packages/install/base_interfaces/lib/libbase_interfaces__rosidl_typesupport_fastrtps_c.so
[7.089s] -- Up-to-date: /home/dai/my_project/arm_robot/microros/02_action_server/extra_packages/install/base_interfaces/include/base_interfaces/base_interfaces
[7.090s] -- Up-to-date: /home/dai/my_project/arm_robot/microros/02_action_server/extra_packages/install/base_interfaces/include/base_interfaces/base_interfaces/msg
[7.093s] -- Up-to-date: /home/dai/my_project/arm_robot/microros/02_action_server/extra_packages/install/base_interfaces/include/base_interfaces/base_interfaces/msg/rosidl_typesupport_introspection_c__visibility_control.h
[7.094s] -- Up-to-date: /home/dai/my_project/arm_robot/microros/02_action_server/extra_packages/install/base_interfaces/include/base_interfaces/base_interfaces/action
[7.094s] -- Up-to-date: /home/dai/my_project/arm_robot/microros/02_action_server/extra_packages/install/base_interfaces/include/base_interfaces/base_interfaces/action/detail
[7.094s] -- Up-to-date: /home/dai/my_project/arm_robot/microros/02_action_server/extra_packages/install/base_interfaces/include/base_interfaces/base_interfaces/action/detail/angle__rosidl_typesupport_introspection_c.h
[7.094s] -- Up-to-date: /home/dai/my_project/arm_robot/microros/02_action_server/extra_packages/install/base_interfaces/include/base_interfaces/base_interfaces/action/detail/angle__type_support.c
[7.113s] -- Up-to-date: /home/dai/my_project/arm_robot/microros/02_action_server/extra_packages/install/base_interfaces/lib/libbase_interfaces__rosidl_typesupport_introspection_c.so
[7.133s] -- Up-to-date: /home/dai/my_project/arm_robot/microros/02_action_server/extra_packages/install/base_interfaces/lib/libbase_interfaces__rosidl_typesupport_c.so
[7.134s] -- Up-to-date: /home/dai/my_project/arm_robot/microros/02_action_server/extra_packages/install/base_interfaces/include/base_interfaces/base_interfaces
[7.135s] -- Up-to-date: /home/dai/my_project/arm_robot/microros/02_action_server/extra_packages/install/base_interfaces/include/base_interfaces/base_interfaces/action
[7.136s] -- Up-to-date: /home/dai/my_project/arm_robot/microros/02_action_server/extra_packages/install/base_interfaces/include/base_interfaces/base_interfaces/action/angle.hpp
[7.136s] -- Up-to-date: /home/dai/my_project/arm_robot/microros/02_action_server/extra_packages/install/base_interfaces/include/base_interfaces/base_interfaces/action/detail
[7.136s] -- Up-to-date: /home/dai/my_project/arm_robot/microros/02_action_server/extra_packages/install/base_interfaces/include/base_interfaces/base_interfaces/action/detail/angle__traits.hpp
[7.140s] -- Up-to-date: /home/dai/my_project/arm_robot/microros/02_action_server/extra_packages/install/base_interfaces/include/base_interfaces/base_interfaces/action/detail/angle__struct.hpp
[7.140s] -- Up-to-date: /home/dai/my_project/arm_robot/microros/02_action_server/extra_packages/install/base_interfaces/include/base_interfaces/base_interfaces/action/detail/angle__builder.hpp
[7.140s] -- Up-to-date: /home/dai/my_project/arm_robot/microros/02_action_server/extra_packages/install/base_interfaces/include/base_interfaces/base_interfaces
[7.141s] -- Up-to-date: /home/dai/my_project/arm_robot/microros/02_action_server/extra_packages/install/base_interfaces/include/base_interfaces/base_interfaces/msg
[7.141s] -- Up-to-date: /home/dai/my_project/arm_robot/microros/02_action_server/extra_packages/install/base_interfaces/include/base_interfaces/base_interfaces/msg/rosidl_typesupport_fastrtps_cpp__visibility_control.h
[7.141s] -- Up-to-date: /home/dai/my_project/arm_robot/microros/02_action_server/extra_packages/install/base_interfaces/include/base_interfaces/base_interfaces/action
[7.141s] -- Up-to-date: /home/dai/my_project/arm_robot/microros/02_action_server/extra_packages/install/base_interfaces/include/base_interfaces/base_interfaces/action/detail
[7.141s] -- Up-to-date: /home/dai/my_project/arm_robot/microros/02_action_server/extra_packages/install/base_interfaces/include/base_interfaces/base_interfaces/action/detail/angle__rosidl_typesupport_fastrtps_cpp.hpp
[7.141s] -- Up-to-date: /home/dai/my_project/arm_robot/microros/02_action_server/extra_packages/install/base_interfaces/include/base_interfaces/base_interfaces/action/detail/dds_fastrtps
[7.150s] -- Up-to-date: /home/dai/my_project/arm_robot/microros/02_action_server/extra_packages/install/base_interfaces/lib/libbase_interfaces__rosidl_typesupport_fastrtps_cpp.so
[7.151s] -- Up-to-date: /home/dai/my_project/arm_robot/microros/02_action_server/extra_packages/install/base_interfaces/include/base_interfaces/base_interfaces
[7.151s] -- Up-to-date: /home/dai/my_project/arm_robot/microros/02_action_server/extra_packages/install/base_interfaces/include/base_interfaces/base_interfaces/action
[7.152s] -- Up-to-date: /home/dai/my_project/arm_robot/microros/02_action_server/extra_packages/install/base_interfaces/include/base_interfaces/base_interfaces/action/detail
[7.152s] -- Up-to-date: /home/dai/my_project/arm_robot/microros/02_action_server/extra_packages/install/base_interfaces/include/base_interfaces/base_interfaces/action/detail/angle__type_support.cpp
[7.152s] -- Up-to-date: /home/dai/my_project/arm_robot/microros/02_action_server/extra_packages/install/base_interfaces/include/base_interfaces/base_interfaces/action/detail/angle__rosidl_typesupport_introspection_cpp.hpp
[7.156s] -- Up-to-date: /home/dai/my_project/arm_robot/microros/02_action_server/extra_packages/install/base_interfaces/lib/libbase_interfaces__rosidl_typesupport_introspection_cpp.so
[7.168s] -- Up-to-date: /home/dai/my_project/arm_robot/microros/02_action_server/extra_packages/install/base_interfaces/lib/libbase_interfaces__rosidl_typesupport_cpp.so
[7.172s] -- Up-to-date: /home/dai/my_project/arm_robot/microros/02_action_server/extra_packages/install/base_interfaces/share/base_interfaces/environment/pythonpath.sh
[7.173s] -- Installing: /home/dai/my_project/arm_robot/microros/02_action_server/extra_packages/install/base_interfaces/share/base_interfaces/environment/pythonpath.dsv
[7.176s] -- Up-to-date: /home/dai/my_project/arm_robot/microros/02_action_server/extra_packages/install/base_interfaces/local/lib/python3.10/dist-packages/base_interfaces-0.0.0-py3.10.egg-info
[7.176s] -- Installing: /home/dai/my_project/arm_robot/microros/02_action_server/extra_packages/install/base_interfaces/local/lib/python3.10/dist-packages/base_interfaces-0.0.0-py3.10.egg-info/dependency_links.txt
[7.178s] -- Installing: /home/dai/my_project/arm_robot/microros/02_action_server/extra_packages/install/base_interfaces/local/lib/python3.10/dist-packages/base_interfaces-0.0.0-py3.10.egg-info/top_level.txt
[7.178s] -- Installing: /home/dai/my_project/arm_robot/microros/02_action_server/extra_packages/install/base_interfaces/local/lib/python3.10/dist-packages/base_interfaces-0.0.0-py3.10.egg-info/PKG-INFO
[7.183s] -- Installing: /home/dai/my_project/arm_robot/microros/02_action_server/extra_packages/install/base_interfaces/local/lib/python3.10/dist-packages/base_interfaces-0.0.0-py3.10.egg-info/SOURCES.txt
[7.184s] -- Up-to-date: /home/dai/my_project/arm_robot/microros/02_action_server/extra_packages/install/base_interfaces/local/lib/python3.10/dist-packages/base_interfaces
[7.184s] -- Up-to-date: /home/dai/my_project/arm_robot/microros/02_action_server/extra_packages/install/base_interfaces/local/lib/python3.10/dist-packages/base_interfaces/_base_interfaces_s.ep.rosidl_typesupport_c.c
[7.184s] -- Up-to-date: /home/dai/my_project/arm_robot/microros/02_action_server/extra_packages/install/base_interfaces/local/lib/python3.10/dist-packages/base_interfaces/base_interfaces_s__rosidl_typesupport_c.cpython-310-x86_64-linux-gnu.so
[7.189s] -- Installing: /home/dai/my_project/arm_robot/microros/02_action_server/extra_packages/install/base_interfaces/local/lib/python3.10/dist-packages/base_interfaces/__init__.py
[7.192s] -- Up-to-date: /home/dai/my_project/arm_robot/microros/02_action_server/extra_packages/install/base_interfaces/local/lib/python3.10/dist-packages/base_interfaces/base_interfaces_s__rosidl_typesupport_introspection_c.cpython-310-x86_64-linux-gnu.so
[7.192s] -- Up-to-date: /home/dai/my_project/arm_robot/microros/02_action_server/extra_packages/install/base_interfaces/local/lib/python3.10/dist-packages/base_interfaces/_base_interfaces_s.ep.rosidl_typesupport_introspection_c.c
[7.196s] -- Up-to-date: /home/dai/my_project/arm_robot/microros/02_action_server/extra_packages/install/base_interfaces/local/lib/python3.10/dist-packages/base_interfaces/_base_interfaces_s.ep.rosidl_typesupport_fastrtps_c.c
[7.197s] -- Up-to-date: /home/dai/my_project/arm_robot/microros/02_action_server/extra_packages/install/base_interfaces/local/lib/python3.10/dist-packages/base_interfaces/base_interfaces_s__rosidl_typesupport_fastrtps_c.cpython-310-x86_64-linux-gnu.so
[7.197s] -- Up-to-date: /home/dai/my_project/arm_robot/microros/02_action_server/extra_packages/install/base_interfaces/local/lib/python3.10/dist-packages/base_interfaces/libbase_interfaces__rosidl_generator_py.so
[7.197s] -- Up-to-date: /home/dai/my_project/arm_robot/microros/02_action_server/extra_packages/install/base_interfaces/local/lib/python3.10/dist-packages/base_interfaces/action
[7.197s] -- Up-to-date: /home/dai/my_project/arm_robot/microros/02_action_server/extra_packages/install/base_interfaces/local/lib/python3.10/dist-packages/base_interfaces/action/_angle_s.c
[7.197s] -- Up-to-date: /home/dai/my_project/arm_robot/microros/02_action_server/extra_packages/install/base_interfaces/local/lib/python3.10/dist-packages/base_interfaces/action/__init__.py
[7.197s] -- Up-to-date: /home/dai/my_project/arm_robot/microros/02_action_server/extra_packages/install/base_interfaces/local/lib/python3.10/dist-packages/base_interfaces/action/_angle.py
[7.392s] Listing '/home/dai/my_project/arm_robot/microros/02_action_server/extra_packages/install/base_interfaces/local/lib/python3.10/dist-packages/base_interfaces'...
[7.392s] Compiling '/home/dai/my_project/arm_robot/microros/02_action_server/extra_packages/install/base_interfaces/local/lib/python3.10/dist-packages/base_interfaces/__init__.py'...
[7.393s] Listing '/home/dai/my_project/arm_robot/microros/02_action_server/extra_packages/install/base_interfaces/local/lib/python3.10/dist-packages/base_interfaces/action'...
[7.416s] -- Up-to-date: /home/dai/my_project/arm_robot/microros/02_action_server/extra_packages/install/base_interfaces/local/lib/python3.10/dist-packages/base_interfaces/base_interfaces_s__rosidl_typesupport_fastrtps_c.cpython-310-x86_64-linux-gnu.so
[7.430s] -- Up-to-date: /home/dai/my_project/arm_robot/microros/02_action_server/extra_packages/install/base_interfaces/local/lib/python3.10/dist-packages/base_interfaces/base_interfaces_s__rosidl_typesupport_introspection_c.cpython-310-x86_64-linux-gnu.so
[7.460s] -- Up-to-date: /home/dai/my_project/arm_robot/microros/02_action_server/extra_packages/install/base_interfaces/local/lib/python3.10/dist-packages/base_interfaces/base_interfaces_s__rosidl_typesupport_c.cpython-310-x86_64-linux-gnu.so
[7.469s] -- Up-to-date: /home/dai/my_project/arm_robot/microros/02_action_server/extra_packages/install/base_interfaces/lib/libbase_interfaces__rosidl_generator_py.so
[7.469s] -- Up-to-date: /home/dai/my_project/arm_robot/microros/02_action_server/extra_packages/install/base_interfaces/share/base_interfaces/action/Angle.idl
[7.469s] -- Up-to-date: /home/dai/my_project/arm_robot/microros/02_action_server/extra_packages/install/base_interfaces/share/base_interfaces/action/Angle.action
[7.470s] -- Up-to-date: /home/dai/my_project/arm_robot/microros/02_action_server/extra_packages/install/base_interfaces/share/ament_index/resource_index/package_run_dependencies/base_interfaces
[7.470s] -- Up-to-date: /home/dai/my_project/arm_robot/microros/02_action_server/extra_packages/install/base_interfaces/share/ament_index/resource_index/parent_prefix_path/base_interfaces
[7.470s] -- Installing: /home/dai/my_project/arm_robot/microros/02_action_server/extra_packages/install/base_interfaces/share/base_interfaces/environment/ament_prefix_path.sh
[7.511s] -- Installing: /home/dai/my_project/arm_robot/microros/02_action_server/extra_packages/install/base_interfaces/share/base_interfaces/environment/ament_prefix_path.dsv
[7.513s] -- Installing: /home/dai/my_project/arm_robot/microros/02_action_server/extra_packages/install/base_interfaces/share/base_interfaces/environment/path.sh
[7.513s] -- Installing: /home/dai/my_project/arm_robot/microros/02_action_server/extra_packages/install/base_interfaces/share/base_interfaces/environment/path.dsv
[7.514s] -- Up-to-date: /home/dai/my_project/arm_robot/microros/02_action_server/extra_packages/install/base_interfaces/share/base_interfaces/local_setup.bash
[7.514s] -- Up-to-date: /home/dai/my_project/arm_robot/microros/02_action_server/extra_packages/install/base_interfaces/share/base_interfaces/local_setup.sh
[7.514s] -- Up-to-date: /home/dai/my_project/arm_robot/microros/02_action_server/extra_packages/install/base_interfaces/share/base_interfaces/local_setup.zsh
[7.514s] -- Installing: /home/dai/my_project/arm_robot/microros/02_action_server/extra_packages/install/base_interfaces/share/base_interfaces/local_setup.dsv
[7.514s] -- Installing: /home/dai/my_project/arm_robot/microros/02_action_server/extra_packages/install/base_interfaces/share/base_interfaces/package.dsv
[7.516s] -- Up-to-date: /home/dai/my_project/arm_robot/microros/02_action_server/extra_packages/install/base_interfaces/share/ament_index/resource_index/packages/base_interfaces
[7.517s] -- Up-to-date: /home/dai/my_project/arm_robot/microros/02_action_server/extra_packages/install/base_interfaces/share/base_interfaces/cmake/export_base_interfaces__rosidl_generator_cExport.cmake
[7.518s] -- Up-to-date: /home/dai/my_project/arm_robot/microros/02_action_server/extra_packages/install/base_interfaces/share/base_interfaces/cmake/export_base_interfaces__rosidl_generator_cExport-noconfig.cmake
[7.525s] -- Up-to-date: /home/dai/my_project/arm_robot/microros/02_action_server/extra_packages/install/base_interfaces/share/base_interfaces/cmake/export_base_interfaces__rosidl_typesupport_fastrtps_cExport.cmake
[7.525s] -- Up-to-date: /home/dai/my_project/arm_robot/microros/02_action_server/extra_packages/install/base_interfaces/share/base_interfaces/cmake/export_base_interfaces__rosidl_typesupport_fastrtps_cExport-noconfig.cmake
[7.527s] -- Up-to-date: /home/dai/my_project/arm_robot/microros/02_action_server/extra_packages/install/base_interfaces/share/base_interfaces/cmake/base_interfaces__rosidl_typesupport_introspection_cExport.cmake
[7.527s] -- Up-to-date: /home/dai/my_project/arm_robot/microros/02_action_server/extra_packages/install/base_interfaces/share/base_interfaces/cmake/base_interfaces__rosidl_typesupport_introspection_cExport-noconfig.cmake
[7.527s] -- Up-to-date: /home/dai/my_project/arm_robot/microros/02_action_server/extra_packages/install/base_interfaces/share/base_interfaces/cmake/base_interfaces__rosidl_typesupport_cExport.cmake
[7.527s] -- Up-to-date: /home/dai/my_project/arm_robot/microros/02_action_server/extra_packages/install/base_interfaces/share/base_interfaces/cmake/base_interfaces__rosidl_typesupport_cExport-noconfig.cmake
[7.543s] -- Up-to-date: /home/dai/my_project/arm_robot/microros/02_action_server/extra_packages/install/base_interfaces/share/base_interfaces/cmake/export_base_interfaces__rosidl_generator_cppExport.cmake
[7.543s] -- Up-to-date: /home/dai/my_project/arm_robot/microros/02_action_server/extra_packages/install/base_interfaces/share/base_interfaces/cmake/export_base_interfaces__rosidl_typesupport_fastrtps_cppExport.cmake
[7.543s] -- Up-to-date: /home/dai/my_project/arm_robot/microros/02_action_server/extra_packages/install/base_interfaces/share/base_interfaces/cmake/export_base_interfaces__rosidl_typesupport_fastrtps_cppExport-noconfig.cmake
[7.546s] -- Up-to-date: /home/dai/my_project/arm_robot/microros/02_action_server/extra_packages/install/base_interfaces/share/base_interfaces/cmake/base_interfaces__rosidl_typesupport_introspection_cppExport.cmake
[7.547s] -- Up-to-date: /home/dai/my_project/arm_robot/microros/02_action_server/extra_packages/install/base_interfaces/share/base_interfaces/cmake/base_interfaces__rosidl_typesupport_introspection_cppExport-noconfig.cmake
[7.559s] -- Up-to-date: /home/dai/my_project/arm_robot/microros/02_action_server/extra_packages/install/base_interfaces/share/base_interfaces/cmake/base_interfaces__rosidl_typesupport_cppExport.cmake
[7.559s] -- Up-to-date: /home/dai/my_project/arm_robot/microros/02_action_server/extra_packages/install/base_interfaces/share/base_interfaces/cmake/base_interfaces__rosidl_typesupport_cppExport-noconfig.cmake
[7.567s] -- Up-to-date: /home/dai/my_project/arm_robot/microros/02_action_server/extra_packages/install/base_interfaces/share/base_interfaces/cmake/export_base_interfaces__rosidl_generator_pyExport.cmake
[7.571s] -- Up-to-date: /home/dai/my_project/arm_robot/microros/02_action_server/extra_packages/install/base_interfaces/share/base_interfaces/cmake/export_base_interfaces__rosidl_generator_pyExport-noconfig.cmake
[7.571s] -- Up-to-date: /home/dai/my_project/arm_robot/microros/02_action_server/extra_packages/install/base_interfaces/share/base_interfaces/cmake/rosidl_cmake-extras.cmake
[7.571s] -- Up-to-date: /home/dai/my_project/arm_robot/microros/02_action_server/extra_packages/install/base_interfaces/share/base_interfaces/cmake/ament_cmake_export_dependencies-extras.cmake
[7.571s] -- Up-to-date: /home/dai/my_project/arm_robot/microros/02_action_server/extra_packages/install/base_interfaces/share/base_interfaces/cmake/ament_cmake_export_include_directories-extras.cmake
[7.572s] -- Up-to-date: /home/dai/my_project/arm_robot/microros/02_action_server/extra_packages/install/base_interfaces/share/base_interfaces/cmake/ament_cmake_export_libraries-extras.cmake
[7.572s] -- Up-to-date: /home/dai/my_project/arm_robot/microros/02_action_server/extra_packages/install/base_interfaces/share/base_interfaces/cmake/ament_cmake_export_targets-extras.cmake
[7.572s] -- Up-to-date: /home/dai/my_project/arm_robot/microros/02_action_server/extra_packages/install/base_interfaces/share/base_interfaces/cmake/rosidl_cmake_export_typesupport_targets-extras.cmake
[7.572s] -- Up-to-date: /home/dai/my_project/arm_robot/microros/02_action_server/extra_packages/install/base_interfaces/share/base_interfaces/cmake/rosidl_cmake_export_typesupport_libraries-extras.cmake
[7.572s] -- Up-to-date: /home/dai/my_project/arm_robot/microros/02_action_server/extra_packages/install/base_interfaces/share/base_interfaces/cmake/base_interfacesConfig.cmake
[7.572s] -- Up-to-date: /home/dai/my_project/arm_robot/microros/02_action_server/extra_packages/install/base_interfaces/share/base_interfaces/cmake/base_interfacesConfig-version.cmake
[7.572s] -- Up-to-date: /home/dai/my_project/arm_robot/microros/02_action_server/extra_packages/install/base_interfaces/share/base_interfaces/package.xml
[7.576s] Invoked command in '/home/dai/my_project/arm_robot/microros/02_action_server/extra_packages/build/base_interfaces' returned '0': CMAKE_PREFIX_PATH=/opt/ros/humble /usr/bin/cmake --install /home/dai/my_project/arm_robot/microros/02_action_server/extra_packages/build/base_interfaces
